{"/Users/greg.martell/Downloads/atlan-frontend-main/src/components/admin/integrations/browserExtension/BrowserExtensionConfiguration/MDLH_Dict/src/components/EmptyResultsState.jsx": {"path":"/Users/greg.martell/Downloads/atlan-frontend-main/src/components/admin/integrations/browserExtension/BrowserExtensionConfiguration/MDLH_Dict/src/components/EmptyResultsState.jsx","all":false,"statementMap":{"0":{"start":{"line":1,"column":0},"end":{"line":1,"column":3}},"1":{"start":{"line":2,"column":0},"end":{"line":2,"column":30}},"2":{"start":{"line":3,"column":0},"end":{"line":3,"column":3}},"3":{"start":{"line":4,"column":0},"end":{"line":4,"column":71}},"4":{"start":{"line":5,"column":0},"end":{"line":5,"column":80}},"5":{"start":{"line":6,"column":0},"end":{"line":6,"column":3}},"6":{"start":{"line":7,"column":0},"end":{"line":7,"column":31}},"7":{"start":{"line":8,"column":0},"end":{"line":8,"column":59}},"8":{"start":{"line":9,"column":0},"end":{"line":9,"column":60}},"9":{"start":{"line":10,"column":0},"end":{"line":10,"column":50}},"10":{"start":{"line":11,"column":0},"end":{"line":11,"column":61}},"11":{"start":{"line":12,"column":0},"end":{"line":12,"column":3}},"12":{"start":{"line":13,"column":0},"end":{"line":13,"column":0}},"13":{"start":{"line":14,"column":0},"end":{"line":14,"column":26}},"14":{"start":{"line":15,"column":0},"end":{"line":15,"column":96}},"15":{"start":{"line":16,"column":0},"end":{"line":16,"column":57}},"16":{"start":{"line":17,"column":0},"end":{"line":17,"column":0}},"17":{"start":{"line":18,"column":0},"end":{"line":18,"column":3}},"18":{"start":{"line":19,"column":0},"end":{"line":19,"column":31}},"19":{"start":{"line":20,"column":0},"end":{"line":20,"column":3}},"20":{"start":{"line":21,"column":0},"end":{"line":21,"column":32}},"21":{"start":{"line":22,"column":0},"end":{"line":22,"column":35}},"22":{"start":{"line":23,"column":0},"end":{"line":23,"column":62}},"23":{"start":{"line":24,"column":0},"end":{"line":24,"column":2}},"24":{"start":{"line":25,"column":0},"end":{"line":25,"column":53}},"25":{"start":{"line":26,"column":0},"end":{"line":26,"column":19}},"26":{"start":{"line":27,"column":0},"end":{"line":27,"column":1}},"27":{"start":{"line":28,"column":0},"end":{"line":28,"column":0}},"28":{"start":{"line":29,"column":0},"end":{"line":29,"column":3}},"29":{"start":{"line":30,"column":0},"end":{"line":30,"column":70}},"30":{"start":{"line":31,"column":0},"end":{"line":31,"column":3}},"31":{"start":{"line":32,"column":0},"end":{"line":32,"column":43}},"32":{"start":{"line":33,"column":0},"end":{"line":33,"column":24}},"33":{"start":{"line":34,"column":0},"end":{"line":34,"column":12}},"34":{"start":{"line":35,"column":0},"end":{"line":35,"column":8}},"35":{"start":{"line":36,"column":0},"end":{"line":36,"column":23}},"36":{"start":{"line":37,"column":0},"end":{"line":37,"column":15}},"37":{"start":{"line":38,"column":0},"end":{"line":38,"column":16}},"38":{"start":{"line":39,"column":0},"end":{"line":39,"column":10}},"39":{"start":{"line":40,"column":0},"end":{"line":40,"column":4}},"40":{"start":{"line":41,"column":0},"end":{"line":41,"column":47}},"41":{"start":{"line":42,"column":0},"end":{"line":42,"column":37}},"42":{"start":{"line":43,"column":0},"end":{"line":43,"column":59}},"43":{"start":{"line":44,"column":0},"end":{"line":44,"column":18}},"44":{"start":{"line":45,"column":0},"end":{"line":45,"column":5}},"45":{"start":{"line":46,"column":0},"end":{"line":46,"column":0}},"46":{"start":{"line":47,"column":0},"end":{"line":47,"column":12}},"47":{"start":{"line":48,"column":0},"end":{"line":48,"column":28}},"48":{"start":{"line":49,"column":0},"end":{"line":49,"column":95}},"49":{"start":{"line":50,"column":0},"end":{"line":50,"column":35}},"50":{"start":{"line":51,"column":0},"end":{"line":51,"column":16}},"51":{"start":{"line":52,"column":0},"end":{"line":52,"column":15}},"52":{"start":{"line":53,"column":0},"end":{"line":53,"column":27}},"53":{"start":{"line":54,"column":0},"end":{"line":54,"column":25}},"54":{"start":{"line":55,"column":0},"end":{"line":55,"column":138}},"55":{"start":{"line":56,"column":0},"end":{"line":56,"column":36}},"56":{"start":{"line":57,"column":0},"end":{"line":57,"column":59}},"57":{"start":{"line":58,"column":0},"end":{"line":58,"column":9}},"58":{"start":{"line":59,"column":0},"end":{"line":59,"column":62}},"59":{"start":{"line":60,"column":0},"end":{"line":60,"column":43}},"60":{"start":{"line":61,"column":0},"end":{"line":61,"column":48}},"61":{"start":{"line":62,"column":0},"end":{"line":62,"column":20}},"62":{"start":{"line":63,"column":0},"end":{"line":63,"column":21}},"63":{"start":{"line":64,"column":0},"end":{"line":64,"column":32}},"64":{"start":{"line":65,"column":0},"end":{"line":65,"column":34}},"65":{"start":{"line":66,"column":0},"end":{"line":66,"column":71}},"66":{"start":{"line":67,"column":0},"end":{"line":67,"column":15}},"67":{"start":{"line":68,"column":0},"end":{"line":68,"column":64}},"68":{"start":{"line":69,"column":0},"end":{"line":69,"column":23}},"69":{"start":{"line":70,"column":0},"end":{"line":70,"column":14}},"70":{"start":{"line":71,"column":0},"end":{"line":71,"column":13}},"71":{"start":{"line":72,"column":0},"end":{"line":72,"column":17}},"72":{"start":{"line":73,"column":0},"end":{"line":73,"column":12}},"73":{"start":{"line":74,"column":0},"end":{"line":74,"column":6}},"74":{"start":{"line":75,"column":0},"end":{"line":75,"column":4}},"75":{"start":{"line":76,"column":0},"end":{"line":76,"column":0}},"76":{"start":{"line":77,"column":0},"end":{"line":77,"column":49}},"77":{"start":{"line":78,"column":0},"end":{"line":78,"column":36}},"78":{"start":{"line":79,"column":0},"end":{"line":79,"column":28}},"79":{"start":{"line":80,"column":0},"end":{"line":80,"column":0}},"80":{"start":{"line":81,"column":0},"end":{"line":81,"column":44}},"81":{"start":{"line":82,"column":0},"end":{"line":82,"column":50}},"82":{"start":{"line":83,"column":0},"end":{"line":83,"column":58}},"83":{"start":{"line":84,"column":0},"end":{"line":84,"column":0}},"84":{"start":{"line":85,"column":0},"end":{"line":85,"column":12}},"85":{"start":{"line":86,"column":0},"end":{"line":86,"column":65}},"86":{"start":{"line":87,"column":0},"end":{"line":87,"column":85}},"87":{"start":{"line":88,"column":0},"end":{"line":88,"column":93}},"88":{"start":{"line":89,"column":0},"end":{"line":89,"column":50}},"89":{"start":{"line":90,"column":0},"end":{"line":90,"column":55}},"90":{"start":{"line":91,"column":0},"end":{"line":91,"column":14}},"91":{"start":{"line":92,"column":0},"end":{"line":92,"column":12}},"92":{"start":{"line":93,"column":0},"end":{"line":93,"column":6}},"93":{"start":{"line":94,"column":0},"end":{"line":94,"column":4}},"94":{"start":{"line":95,"column":0},"end":{"line":95,"column":0}},"95":{"start":{"line":96,"column":0},"end":{"line":96,"column":40}},"96":{"start":{"line":97,"column":0},"end":{"line":97,"column":28}},"97":{"start":{"line":98,"column":0},"end":{"line":98,"column":14}},"98":{"start":{"line":99,"column":0},"end":{"line":99,"column":21}},"99":{"start":{"line":100,"column":0},"end":{"line":100,"column":34}},"100":{"start":{"line":101,"column":0},"end":{"line":101,"column":29}},"101":{"start":{"line":102,"column":0},"end":{"line":102,"column":38}},"102":{"start":{"line":103,"column":0},"end":{"line":103,"column":32}},"103":{"start":{"line":104,"column":0},"end":{"line":104,"column":28}},"104":{"start":{"line":105,"column":0},"end":{"line":105,"column":65}},"105":{"start":{"line":106,"column":0},"end":{"line":106,"column":52}},"106":{"start":{"line":107,"column":0},"end":{"line":107,"column":125}},"107":{"start":{"line":108,"column":0},"end":{"line":108,"column":6}},"108":{"start":{"line":109,"column":0},"end":{"line":109,"column":21}},"109":{"start":{"line":110,"column":0},"end":{"line":110,"column":19}},"110":{"start":{"line":111,"column":0},"end":{"line":111,"column":34}},"111":{"start":{"line":112,"column":0},"end":{"line":112,"column":29}},"112":{"start":{"line":113,"column":0},"end":{"line":113,"column":38}},"113":{"start":{"line":114,"column":0},"end":{"line":114,"column":35}},"114":{"start":{"line":115,"column":0},"end":{"line":115,"column":91}},"115":{"start":{"line":116,"column":0},"end":{"line":116,"column":84}},"116":{"start":{"line":117,"column":0},"end":{"line":117,"column":6}},"117":{"start":{"line":118,"column":0},"end":{"line":118,"column":18}},"118":{"start":{"line":119,"column":0},"end":{"line":119,"column":19}},"119":{"start":{"line":120,"column":0},"end":{"line":120,"column":34}},"120":{"start":{"line":121,"column":0},"end":{"line":121,"column":29}},"121":{"start":{"line":122,"column":0},"end":{"line":122,"column":38}},"122":{"start":{"line":123,"column":0},"end":{"line":123,"column":39}},"123":{"start":{"line":124,"column":0},"end":{"line":124,"column":31}},"124":{"start":{"line":125,"column":0},"end":{"line":125,"column":66}},"125":{"start":{"line":126,"column":0},"end":{"line":126,"column":49}},"126":{"start":{"line":127,"column":0},"end":{"line":127,"column":70}},"127":{"start":{"line":128,"column":0},"end":{"line":128,"column":6}},"128":{"start":{"line":129,"column":0},"end":{"line":129,"column":24}},"129":{"start":{"line":130,"column":0},"end":{"line":130,"column":26}},"130":{"start":{"line":131,"column":0},"end":{"line":131,"column":34}},"131":{"start":{"line":132,"column":0},"end":{"line":132,"column":29}},"132":{"start":{"line":133,"column":0},"end":{"line":133,"column":38}},"133":{"start":{"line":134,"column":0},"end":{"line":134,"column":43}},"134":{"start":{"line":135,"column":0},"end":{"line":135,"column":94}},"135":{"start":{"line":136,"column":0},"end":{"line":136,"column":95}},"136":{"start":{"line":137,"column":0},"end":{"line":137,"column":6}},"137":{"start":{"line":138,"column":0},"end":{"line":138,"column":4}},"138":{"start":{"line":139,"column":0},"end":{"line":139,"column":0}},"139":{"start":{"line":140,"column":0},"end":{"line":140,"column":73}},"140":{"start":{"line":141,"column":0},"end":{"line":141,"column":27}},"141":{"start":{"line":142,"column":0},"end":{"line":142,"column":0}},"142":{"start":{"line":143,"column":0},"end":{"line":143,"column":10}},"143":{"start":{"line":144,"column":0},"end":{"line":144,"column":8}},"144":{"start":{"line":145,"column":0},"end":{"line":145,"column":18}},"145":{"start":{"line":146,"column":0},"end":{"line":146,"column":31}},"146":{"start":{"line":147,"column":0},"end":{"line":147,"column":93}},"147":{"start":{"line":148,"column":0},"end":{"line":148,"column":5}},"148":{"start":{"line":149,"column":0},"end":{"line":149,"column":71}},"149":{"start":{"line":150,"column":0},"end":{"line":150,"column":6}},"150":{"start":{"line":151,"column":0},"end":{"line":151,"column":63}},"151":{"start":{"line":152,"column":0},"end":{"line":152,"column":22}},"152":{"start":{"line":153,"column":0},"end":{"line":153,"column":11}},"153":{"start":{"line":154,"column":0},"end":{"line":154,"column":6}},"154":{"start":{"line":155,"column":0},"end":{"line":155,"column":40}},"155":{"start":{"line":156,"column":0},"end":{"line":156,"column":28}},"156":{"start":{"line":157,"column":0},"end":{"line":157,"column":10}},"157":{"start":{"line":158,"column":0},"end":{"line":158,"column":6}},"158":{"start":{"line":159,"column":0},"end":{"line":159,"column":43}},"159":{"start":{"line":160,"column":0},"end":{"line":160,"column":27}},"160":{"start":{"line":161,"column":0},"end":{"line":161,"column":10}},"161":{"start":{"line":162,"column":0},"end":{"line":162,"column":0}},"162":{"start":{"line":163,"column":0},"end":{"line":163,"column":35}},"163":{"start":{"line":164,"column":0},"end":{"line":164,"column":60}},"164":{"start":{"line":165,"column":0},"end":{"line":165,"column":62}},"165":{"start":{"line":166,"column":0},"end":{"line":166,"column":0}},"166":{"start":{"line":167,"column":0},"end":{"line":167,"column":26}},"167":{"start":{"line":168,"column":0},"end":{"line":168,"column":19}},"168":{"start":{"line":169,"column":0},"end":{"line":169,"column":30}},"169":{"start":{"line":170,"column":0},"end":{"line":170,"column":17}},"170":{"start":{"line":171,"column":0},"end":{"line":171,"column":29}},"171":{"start":{"line":172,"column":0},"end":{"line":172,"column":136}},"172":{"start":{"line":173,"column":0},"end":{"line":173,"column":11}},"173":{"start":{"line":174,"column":0},"end":{"line":174,"column":35}},"174":{"start":{"line":175,"column":0},"end":{"line":175,"column":21}},"175":{"start":{"line":176,"column":0},"end":{"line":176,"column":19}},"176":{"start":{"line":177,"column":0},"end":{"line":177,"column":14}},"177":{"start":{"line":178,"column":0},"end":{"line":178,"column":8}},"178":{"start":{"line":179,"column":0},"end":{"line":179,"column":10}},"179":{"start":{"line":180,"column":0},"end":{"line":180,"column":4}},"180":{"start":{"line":181,"column":0},"end":{"line":181,"column":1}},"181":{"start":{"line":182,"column":0},"end":{"line":182,"column":0}},"182":{"start":{"line":183,"column":0},"end":{"line":183,"column":3}},"183":{"start":{"line":184,"column":0},"end":{"line":184,"column":62}},"184":{"start":{"line":185,"column":0},"end":{"line":185,"column":3}},"185":{"start":{"line":186,"column":0},"end":{"line":186,"column":25}},"186":{"start":{"line":187,"column":0},"end":{"line":187,"column":49}},"187":{"start":{"line":188,"column":0},"end":{"line":188,"column":52}},"188":{"start":{"line":189,"column":0},"end":{"line":189,"column":66}},"189":{"start":{"line":190,"column":0},"end":{"line":190,"column":67}},"190":{"start":{"line":191,"column":0},"end":{"line":191,"column":37}},"191":{"start":{"line":192,"column":0},"end":{"line":192,"column":3}},"192":{"start":{"line":193,"column":0},"end":{"line":193,"column":93}},"193":{"start":{"line":194,"column":0},"end":{"line":194,"column":32}},"194":{"start":{"line":195,"column":0},"end":{"line":195,"column":61}},"195":{"start":{"line":196,"column":0},"end":{"line":196,"column":42}},"196":{"start":{"line":197,"column":0},"end":{"line":197,"column":40}},"197":{"start":{"line":198,"column":0},"end":{"line":198,"column":30}},"198":{"start":{"line":199,"column":0},"end":{"line":199,"column":5}},"199":{"start":{"line":200,"column":0},"end":{"line":200,"column":4}},"200":{"start":{"line":201,"column":0},"end":{"line":201,"column":41}},"201":{"start":{"line":202,"column":0},"end":{"line":202,"column":57}},"202":{"start":{"line":203,"column":0},"end":{"line":203,"column":40}},"203":{"start":{"line":204,"column":0},"end":{"line":204,"column":81}},"204":{"start":{"line":205,"column":0},"end":{"line":205,"column":38}},"205":{"start":{"line":206,"column":0},"end":{"line":206,"column":29}},"206":{"start":{"line":207,"column":0},"end":{"line":207,"column":7}},"207":{"start":{"line":208,"column":0},"end":{"line":208,"column":5}},"208":{"start":{"line":209,"column":0},"end":{"line":209,"column":4}},"209":{"start":{"line":210,"column":0},"end":{"line":210,"column":31}},"210":{"start":{"line":211,"column":0},"end":{"line":211,"column":3}},"211":{"start":{"line":212,"column":0},"end":{"line":212,"column":2}},"212":{"start":{"line":213,"column":0},"end":{"line":213,"column":19}},"213":{"start":{"line":214,"column":0},"end":{"line":214,"column":1}}},"s":{"0":1,"1":1,"2":1,"3":1,"4":1,"5":1,"6":1,"7":1,"8":1,"9":1,"10":1,"11":1,"12":1,"13":1,"14":1,"15":1,"16":1,"17":1,"18":1,"19":1,"20":12,"21":12,"22":12,"23":8,"24":8,"25":8,"26":8,"27":1,"28":1,"29":1,"30":1,"31":18,"32":18,"33":18,"34":18,"35":18,"36":18,"37":18,"38":18,"39":18,"40":18,"41":18,"42":4,"43":0,"44":0,"45":4,"46":4,"47":4,"48":4,"49":4,"50":4,"51":4,"52":4,"53":4,"54":4,"55":4,"56":4,"57":4,"58":4,"59":4,"60":12,"61":12,"62":12,"63":12,"64":12,"65":12,"66":12,"67":12,"68":12,"69":12,"70":4,"71":4,"72":4,"73":4,"74":4,"75":18,"76":18,"77":18,"78":3,"79":3,"80":3,"81":3,"82":3,"83":3,"84":3,"85":3,"86":3,"87":3,"88":3,"89":3,"90":3,"91":3,"92":3,"93":3,"94":18,"95":18,"96":18,"97":18,"98":18,"99":18,"100":18,"101":18,"102":18,"103":18,"104":10,"105":8,"106":18,"107":18,"108":18,"109":18,"110":18,"111":18,"112":18,"113":18,"114":18,"115":18,"116":18,"117":18,"118":18,"119":18,"120":18,"121":18,"122":18,"123":18,"124":4,"125":14,"126":18,"127":18,"128":18,"129":18,"130":18,"131":18,"132":18,"133":18,"134":18,"135":18,"136":18,"137":18,"138":18,"139":18,"140":18,"141":18,"142":18,"143":18,"144":18,"145":18,"146":18,"147":18,"148":18,"149":18,"150":18,"151":18,"152":18,"153":18,"154":18,"155":18,"156":18,"157":18,"158":18,"159":18,"160":18,"161":18,"162":18,"163":18,"164":18,"165":18,"166":18,"167":18,"168":2,"169":2,"170":2,"171":2,"172":2,"173":2,"174":2,"175":2,"176":2,"177":18,"178":18,"179":18,"180":18,"181":1,"182":1,"183":1,"184":1,"185":1,"186":1,"187":1,"188":1,"189":1,"190":1,"191":1,"192":1,"193":0,"194":0,"195":0,"196":0,"197":0,"198":0,"199":0,"200":0,"201":0,"202":0,"203":0,"204":0,"205":0,"206":0,"207":0,"208":0,"209":0,"210":0,"211":0,"212":0,"213":0},"branchMap":{"0":{"type":"branch","line":21,"loc":{"start":{"line":21,"column":0},"end":{"line":27,"column":1}},"locations":[{"start":{"line":21,"column":0},"end":{"line":27,"column":1}}]},"1":{"type":"branch","line":22,"loc":{"start":{"line":22,"column":19},"end":{"line":22,"column":35}},"locations":[{"start":{"line":22,"column":19},"end":{"line":22,"column":35}}]},"2":{"type":"branch","line":22,"loc":{"start":{"line":22,"column":26},"end":{"line":23,"column":45}},"locations":[{"start":{"line":22,"column":26},"end":{"line":23,"column":45}}]},"3":{"type":"branch","line":23,"loc":{"start":{"line":23,"column":45},"end":{"line":23,"column":62}},"locations":[{"start":{"line":23,"column":45},"end":{"line":23,"column":62}}]},"4":{"type":"branch","line":23,"loc":{"start":{"line":23,"column":52},"end":{"line":27,"column":1}},"locations":[{"start":{"line":23,"column":52},"end":{"line":27,"column":1}}]},"5":{"type":"branch","line":32,"loc":{"start":{"line":32,"column":0},"end":{"line":181,"column":1}},"locations":[{"start":{"line":32,"column":0},"end":{"line":181,"column":1}}]},"6":{"type":"branch","line":104,"loc":{"start":{"line":104,"column":19},"end":{"line":105,"column":65}},"locations":[{"start":{"line":104,"column":19},"end":{"line":105,"column":65}}]},"7":{"type":"branch","line":105,"loc":{"start":{"line":105,"column":33},"end":{"line":106,"column":52}},"locations":[{"start":{"line":105,"column":33},"end":{"line":106,"column":52}}]},"8":{"type":"branch","line":124,"loc":{"start":{"line":124,"column":19},"end":{"line":125,"column":66}},"locations":[{"start":{"line":124,"column":19},"end":{"line":125,"column":66}}]},"9":{"type":"branch","line":125,"loc":{"start":{"line":125,"column":50},"end":{"line":126,"column":49}},"locations":[{"start":{"line":125,"column":50},"end":{"line":126,"column":49}}]},"10":{"type":"branch","line":140,"loc":{"start":{"line":140,"column":43},"end":{"line":140,"column":73}},"locations":[{"start":{"line":140,"column":43},"end":{"line":140,"column":73}}]},"11":{"type":"branch","line":164,"loc":{"start":{"line":164,"column":21},"end":{"line":164,"column":60}},"locations":[{"start":{"line":164,"column":21},"end":{"line":164,"column":60}}]},"12":{"type":"branch","line":165,"loc":{"start":{"line":165,"column":21},"end":{"line":165,"column":62}},"locations":[{"start":{"line":165,"column":21},"end":{"line":165,"column":62}}]},"13":{"type":"branch","line":168,"loc":{"start":{"line":168,"column":7},"end":{"line":177,"column":14}},"locations":[{"start":{"line":168,"column":7},"end":{"line":177,"column":14}}]},"14":{"type":"branch","line":42,"loc":{"start":{"line":42,"column":30},"end":{"line":75,"column":4}},"locations":[{"start":{"line":42,"column":30},"end":{"line":75,"column":4}}]},"15":{"type":"branch","line":43,"loc":{"start":{"line":43,"column":58},"end":{"line":45,"column":5}},"locations":[{"start":{"line":43,"column":58},"end":{"line":45,"column":5}}]},"16":{"type":"branch","line":56,"loc":{"start":{"line":56,"column":17},"end":{"line":56,"column":36}},"locations":[{"start":{"line":56,"column":17},"end":{"line":56,"column":36}}]},"17":{"type":"branch","line":57,"loc":{"start":{"line":57,"column":20},"end":{"line":57,"column":59}},"locations":[{"start":{"line":57,"column":20},"end":{"line":57,"column":59}}]},"18":{"type":"branch","line":60,"loc":{"start":{"line":60,"column":31},"end":{"line":71,"column":11}},"locations":[{"start":{"line":60,"column":31},"end":{"line":71,"column":11}}]},"19":{"type":"branch","line":66,"loc":{"start":{"line":66,"column":27},"end":{"line":66,"column":55}},"locations":[{"start":{"line":66,"column":27},"end":{"line":66,"column":55}}]},"20":{"type":"branch","line":66,"loc":{"start":{"line":66,"column":37},"end":{"line":66,"column":71}},"locations":[{"start":{"line":66,"column":37},"end":{"line":66,"column":71}}]},"21":{"type":"branch","line":78,"loc":{"start":{"line":78,"column":29},"end":{"line":94,"column":4}},"locations":[{"start":{"line":78,"column":29},"end":{"line":94,"column":4}}]},"22":{"type":"branch","line":79,"loc":{"start":{"line":79,"column":16},"end":{"line":79,"column":28}},"locations":[{"start":{"line":79,"column":16},"end":{"line":79,"column":28}}]},"23":{"type":"branch","line":83,"loc":{"start":{"line":83,"column":49},"end":{"line":83,"column":58}},"locations":[{"start":{"line":83,"column":49},"end":{"line":83,"column":58}}]},"24":{"type":"branch","line":89,"loc":{"start":{"line":89,"column":11},"end":{"line":89,"column":50}},"locations":[{"start":{"line":89,"column":11},"end":{"line":89,"column":50}}]},"25":{"type":"branch","line":90,"loc":{"start":{"line":90,"column":26},"end":{"line":90,"column":49}},"locations":[{"start":{"line":90,"column":26},"end":{"line":90,"column":49}}]},"26":{"type":"branch","line":90,"loc":{"start":{"line":90,"column":34},"end":{"line":90,"column":55}},"locations":[{"start":{"line":90,"column":34},"end":{"line":90,"column":55}}]}},"b":{"0":[12],"1":[4],"2":[8],"3":[0],"4":[8],"5":[18],"6":[10],"7":[8],"8":[4],"9":[14],"10":[0],"11":[4],"12":[3],"13":[2],"14":[4],"15":[0],"16":[0],"17":[1],"18":[12],"19":[8],"20":[4],"21":[3],"22":[0],"23":[0],"24":[0],"25":[0],"26":[0]},"fnMap":{"0":{"name":"formatRowCount","decl":{"start":{"line":21,"column":0},"end":{"line":27,"column":1}},"loc":{"start":{"line":21,"column":0},"end":{"line":27,"column":1}},"line":21},"1":{"name":"EmptyResultsState","decl":{"start":{"line":32,"column":0},"end":{"line":181,"column":1}},"loc":{"start":{"line":32,"column":0},"end":{"line":181,"column":1}},"line":32},"2":{"name":"renderTableSelector","decl":{"start":{"line":42,"column":30},"end":{"line":75,"column":4}},"loc":{"start":{"line":42,"column":30},"end":{"line":75,"column":4}},"line":42},"3":{"name":"onChange","decl":{"start":{"line":57,"column":20},"end":{"line":57,"column":59}},"loc":{"start":{"line":57,"column":20},"end":{"line":57,"column":59}},"line":57},"4":{"name":"renderQueryPreview","decl":{"start":{"line":78,"column":29},"end":{"line":94,"column":4}},"loc":{"start":{"line":78,"column":29},"end":{"line":94,"column":4}},"line":78},"5":{"name":"determineEmptyStateType","decl":{"start":{"line":193,"column":7},"end":{"line":214,"column":1}},"loc":{"start":{"line":193,"column":7},"end":{"line":214,"column":1}},"line":193}},"f":{"0":12,"1":18,"2":4,"3":1,"4":3,"5":0}}
,"/Users/greg.martell/Downloads/atlan-frontend-main/src/components/admin/integrations/browserExtension/BrowserExtensionConfiguration/MDLH_Dict/src/utils/discoveryQueries.js": {"path":"/Users/greg.martell/Downloads/atlan-frontend-main/src/components/admin/integrations/browserExtension/BrowserExtensionConfiguration/MDLH_Dict/src/utils/discoveryQueries.js","all":false,"statementMap":{"0":{"start":{"line":1,"column":0},"end":{"line":1,"column":3}},"1":{"start":{"line":2,"column":0},"end":{"line":2,"column":20}},"2":{"start":{"line":3,"column":0},"end":{"line":3,"column":3}},"3":{"start":{"line":4,"column":0},"end":{"line":4,"column":69}},"4":{"start":{"line":5,"column":0},"end":{"line":5,"column":76}},"5":{"start":{"line":6,"column":0},"end":{"line":6,"column":3}},"6":{"start":{"line":7,"column":0},"end":{"line":7,"column":0}},"7":{"start":{"line":8,"column":0},"end":{"line":8,"column":80}},"8":{"start":{"line":9,"column":0},"end":{"line":9,"column":12}},"9":{"start":{"line":10,"column":0},"end":{"line":10,"column":80}},"10":{"start":{"line":11,"column":0},"end":{"line":11,"column":0}},"11":{"start":{"line":12,"column":0},"end":{"line":12,"column":3}},"12":{"start":{"line":13,"column":0},"end":{"line":13,"column":42}},"13":{"start":{"line":14,"column":0},"end":{"line":14,"column":3}},"14":{"start":{"line":15,"column":0},"end":{"line":15,"column":30}},"15":{"start":{"line":16,"column":0},"end":{"line":16,"column":113}},"16":{"start":{"line":17,"column":0},"end":{"line":17,"column":99}},"17":{"start":{"line":18,"column":0},"end":{"line":18,"column":58}},"18":{"start":{"line":19,"column":0},"end":{"line":19,"column":81}},"19":{"start":{"line":20,"column":0},"end":{"line":20,"column":83}},"20":{"start":{"line":21,"column":0},"end":{"line":21,"column":2}},"21":{"start":{"line":22,"column":0},"end":{"line":22,"column":0}},"22":{"start":{"line":23,"column":0},"end":{"line":23,"column":3}},"23":{"start":{"line":24,"column":0},"end":{"line":24,"column":34}},"24":{"start":{"line":25,"column":0},"end":{"line":25,"column":3}},"25":{"start":{"line":26,"column":0},"end":{"line":26,"column":58}},"26":{"start":{"line":27,"column":0},"end":{"line":27,"column":0}},"27":{"start":{"line":28,"column":0},"end":{"line":28,"column":3}},"28":{"start":{"line":29,"column":0},"end":{"line":29,"column":42}},"29":{"start":{"line":30,"column":0},"end":{"line":30,"column":3}},"30":{"start":{"line":31,"column":0},"end":{"line":31,"column":34}},"31":{"start":{"line":32,"column":0},"end":{"line":32,"column":0}},"32":{"start":{"line":33,"column":0},"end":{"line":33,"column":80}},"33":{"start":{"line":34,"column":0},"end":{"line":34,"column":18}},"34":{"start":{"line":35,"column":0},"end":{"line":35,"column":80}},"35":{"start":{"line":36,"column":0},"end":{"line":36,"column":0}},"36":{"start":{"line":37,"column":0},"end":{"line":37,"column":3}},"37":{"start":{"line":38,"column":0},"end":{"line":38,"column":58}},"38":{"start":{"line":39,"column":0},"end":{"line":39,"column":3}},"39":{"start":{"line":40,"column":0},"end":{"line":40,"column":43}},"40":{"start":{"line":41,"column":0},"end":{"line":41,"column":39}},"41":{"start":{"line":42,"column":0},"end":{"line":42,"column":79}},"42":{"start":{"line":43,"column":0},"end":{"line":43,"column":30}},"43":{"start":{"line":44,"column":0},"end":{"line":44,"column":3}},"44":{"start":{"line":45,"column":0},"end":{"line":45,"column":87}},"45":{"start":{"line":46,"column":0},"end":{"line":46,"column":49}},"46":{"start":{"line":47,"column":0},"end":{"line":47,"column":56}},"47":{"start":{"line":48,"column":0},"end":{"line":48,"column":2}},"48":{"start":{"line":49,"column":0},"end":{"line":49,"column":10}},"49":{"start":{"line":50,"column":0},"end":{"line":50,"column":7}},"50":{"start":{"line":51,"column":0},"end":{"line":51,"column":13}},"51":{"start":{"line":52,"column":0},"end":{"line":52,"column":12}},"52":{"start":{"line":53,"column":0},"end":{"line":53,"column":8}},"53":{"start":{"line":54,"column":0},"end":{"line":54,"column":10}},"54":{"start":{"line":55,"column":0},"end":{"line":55,"column":14}},"55":{"start":{"line":56,"column":0},"end":{"line":56,"column":42}},"56":{"start":{"line":57,"column":0},"end":{"line":57,"column":34}},"57":{"start":{"line":58,"column":0},"end":{"line":58,"column":36}},"58":{"start":{"line":59,"column":0},"end":{"line":59,"column":31}},"59":{"start":{"line":60,"column":0},"end":{"line":60,"column":35}},"60":{"start":{"line":61,"column":0},"end":{"line":61,"column":9}},"61":{"start":{"line":62,"column":0},"end":{"line":62,"column":1}},"62":{"start":{"line":63,"column":0},"end":{"line":63,"column":0}},"63":{"start":{"line":64,"column":0},"end":{"line":64,"column":3}},"64":{"start":{"line":65,"column":0},"end":{"line":65,"column":57}},"65":{"start":{"line":66,"column":0},"end":{"line":66,"column":3}},"66":{"start":{"line":67,"column":0},"end":{"line":67,"column":43}},"67":{"start":{"line":68,"column":0},"end":{"line":68,"column":39}},"68":{"start":{"line":69,"column":0},"end":{"line":69,"column":61}},"69":{"start":{"line":70,"column":0},"end":{"line":70,"column":30}},"70":{"start":{"line":71,"column":0},"end":{"line":71,"column":43}},"71":{"start":{"line":72,"column":0},"end":{"line":72,"column":3}},"72":{"start":{"line":73,"column":0},"end":{"line":73,"column":72}},"73":{"start":{"line":74,"column":0},"end":{"line":74,"column":42}},"74":{"start":{"line":75,"column":0},"end":{"line":75,"column":38}},"75":{"start":{"line":76,"column":0},"end":{"line":76,"column":56}},"76":{"start":{"line":77,"column":0},"end":{"line":77,"column":3}},"77":{"start":{"line":78,"column":0},"end":{"line":78,"column":2}},"78":{"start":{"line":79,"column":0},"end":{"line":79,"column":49}},"79":{"start":{"line":80,"column":0},"end":{"line":80,"column":65}},"80":{"start":{"line":81,"column":0},"end":{"line":81,"column":2}},"81":{"start":{"line":82,"column":0},"end":{"line":82,"column":10}},"82":{"start":{"line":83,"column":0},"end":{"line":83,"column":7}},"83":{"start":{"line":84,"column":0},"end":{"line":84,"column":14}},"84":{"start":{"line":85,"column":0},"end":{"line":85,"column":12}},"85":{"start":{"line":86,"column":0},"end":{"line":86,"column":14}},"86":{"start":{"line":87,"column":0},"end":{"line":87,"column":17}},"87":{"start":{"line":88,"column":0},"end":{"line":88,"column":19}},"88":{"start":{"line":89,"column":0},"end":{"line":89,"column":27}},"89":{"start":{"line":90,"column":0},"end":{"line":90,"column":20}},"90":{"start":{"line":91,"column":0},"end":{"line":91,"column":15}},"91":{"start":{"line":92,"column":0},"end":{"line":92,"column":43}},"92":{"start":{"line":93,"column":0},"end":{"line":93,"column":34}},"93":{"start":{"line":94,"column":0},"end":{"line":94,"column":31}},"94":{"start":{"line":95,"column":0},"end":{"line":95,"column":26}},"95":{"start":{"line":96,"column":0},"end":{"line":96,"column":9}},"96":{"start":{"line":97,"column":0},"end":{"line":97,"column":1}},"97":{"start":{"line":98,"column":0},"end":{"line":98,"column":0}},"98":{"start":{"line":99,"column":0},"end":{"line":99,"column":80}},"99":{"start":{"line":100,"column":0},"end":{"line":100,"column":23}},"100":{"start":{"line":101,"column":0},"end":{"line":101,"column":80}},"101":{"start":{"line":102,"column":0},"end":{"line":102,"column":0}},"102":{"start":{"line":103,"column":0},"end":{"line":103,"column":3}},"103":{"start":{"line":104,"column":0},"end":{"line":104,"column":55}},"104":{"start":{"line":105,"column":0},"end":{"line":105,"column":78}},"105":{"start":{"line":106,"column":0},"end":{"line":106,"column":3}},"106":{"start":{"line":107,"column":0},"end":{"line":107,"column":60}},"107":{"start":{"line":108,"column":0},"end":{"line":108,"column":80}},"108":{"start":{"line":109,"column":0},"end":{"line":109,"column":3}},"109":{"start":{"line":110,"column":0},"end":{"line":110,"column":59}},"110":{"start":{"line":111,"column":0},"end":{"line":111,"column":20}},"111":{"start":{"line":112,"column":0},"end":{"line":112,"column":16}},"112":{"start":{"line":113,"column":0},"end":{"line":113,"column":15}},"113":{"start":{"line":114,"column":0},"end":{"line":114,"column":16}},"114":{"start":{"line":115,"column":0},"end":{"line":115,"column":19}},"115":{"start":{"line":116,"column":0},"end":{"line":116,"column":11}},"116":{"start":{"line":117,"column":0},"end":{"line":117,"column":14}},"117":{"start":{"line":118,"column":0},"end":{"line":118,"column":4}},"118":{"start":{"line":119,"column":0},"end":{"line":119,"column":2}},"119":{"start":{"line":120,"column":0},"end":{"line":120,"column":59}},"120":{"start":{"line":121,"column":0},"end":{"line":121,"column":20}},"121":{"start":{"line":122,"column":0},"end":{"line":122,"column":3}},"122":{"start":{"line":123,"column":0},"end":{"line":123,"column":2}},"123":{"start":{"line":124,"column":0},"end":{"line":124,"column":41}},"124":{"start":{"line":125,"column":0},"end":{"line":125,"column":43}},"125":{"start":{"line":126,"column":0},"end":{"line":126,"column":55}},"126":{"start":{"line":127,"column":0},"end":{"line":127,"column":28}},"127":{"start":{"line":128,"column":0},"end":{"line":128,"column":4}},"128":{"start":{"line":129,"column":0},"end":{"line":129,"column":78}},"129":{"start":{"line":130,"column":0},"end":{"line":130,"column":65}},"130":{"start":{"line":131,"column":0},"end":{"line":131,"column":39}},"131":{"start":{"line":132,"column":0},"end":{"line":132,"column":27}},"132":{"start":{"line":133,"column":0},"end":{"line":133,"column":14}},"133":{"start":{"line":134,"column":0},"end":{"line":134,"column":7}},"134":{"start":{"line":135,"column":0},"end":{"line":135,"column":5}},"135":{"start":{"line":136,"column":0},"end":{"line":136,"column":4}},"136":{"start":{"line":137,"column":0},"end":{"line":137,"column":23}},"137":{"start":{"line":138,"column":0},"end":{"line":138,"column":33}},"138":{"start":{"line":139,"column":0},"end":{"line":139,"column":5}},"139":{"start":{"line":140,"column":0},"end":{"line":140,"column":3}},"140":{"start":{"line":141,"column":0},"end":{"line":141,"column":2}},"141":{"start":{"line":142,"column":0},"end":{"line":142,"column":18}},"142":{"start":{"line":143,"column":0},"end":{"line":143,"column":1}},"143":{"start":{"line":144,"column":0},"end":{"line":144,"column":0}},"144":{"start":{"line":145,"column":0},"end":{"line":145,"column":80}},"145":{"start":{"line":146,"column":0},"end":{"line":146,"column":18}},"146":{"start":{"line":147,"column":0},"end":{"line":147,"column":80}},"147":{"start":{"line":148,"column":0},"end":{"line":148,"column":0}},"148":{"start":{"line":149,"column":0},"end":{"line":149,"column":3}},"149":{"start":{"line":150,"column":0},"end":{"line":150,"column":88}},"150":{"start":{"line":151,"column":0},"end":{"line":151,"column":3}},"151":{"start":{"line":152,"column":0},"end":{"line":152,"column":84}},"152":{"start":{"line":153,"column":0},"end":{"line":153,"column":46}},"153":{"start":{"line":154,"column":0},"end":{"line":154,"column":86}},"154":{"start":{"line":155,"column":0},"end":{"line":155,"column":89}},"155":{"start":{"line":156,"column":0},"end":{"line":156,"column":3}},"156":{"start":{"line":157,"column":0},"end":{"line":157,"column":55}},"157":{"start":{"line":158,"column":0},"end":{"line":158,"column":39}},"158":{"start":{"line":159,"column":0},"end":{"line":159,"column":16}},"159":{"start":{"line":160,"column":0},"end":{"line":160,"column":3}},"160":{"start":{"line":161,"column":0},"end":{"line":161,"column":2}},"161":{"start":{"line":162,"column":0},"end":{"line":162,"column":28}},"162":{"start":{"line":163,"column":0},"end":{"line":163,"column":61}},"163":{"start":{"line":164,"column":0},"end":{"line":164,"column":2}},"164":{"start":{"line":165,"column":0},"end":{"line":165,"column":36}},"165":{"start":{"line":166,"column":0},"end":{"line":166,"column":16}},"166":{"start":{"line":167,"column":0},"end":{"line":167,"column":3}},"167":{"start":{"line":168,"column":0},"end":{"line":168,"column":2}},"168":{"start":{"line":169,"column":0},"end":{"line":169,"column":75}},"169":{"start":{"line":170,"column":0},"end":{"line":170,"column":31}},"170":{"start":{"line":171,"column":0},"end":{"line":171,"column":72}},"171":{"start":{"line":172,"column":0},"end":{"line":172,"column":55}},"172":{"start":{"line":173,"column":0},"end":{"line":173,"column":67}},"173":{"start":{"line":174,"column":0},"end":{"line":174,"column":54}},"174":{"start":{"line":175,"column":0},"end":{"line":175,"column":7}},"175":{"start":{"line":176,"column":0},"end":{"line":176,"column":4}},"176":{"start":{"line":177,"column":0},"end":{"line":177,"column":36}},"177":{"start":{"line":178,"column":0},"end":{"line":178,"column":72}},"178":{"start":{"line":179,"column":0},"end":{"line":179,"column":54}},"179":{"start":{"line":180,"column":0},"end":{"line":180,"column":59}},"180":{"start":{"line":181,"column":0},"end":{"line":181,"column":8}},"181":{"start":{"line":182,"column":0},"end":{"line":182,"column":5}},"182":{"start":{"line":183,"column":0},"end":{"line":183,"column":3}},"183":{"start":{"line":184,"column":0},"end":{"line":184,"column":2}},"184":{"start":{"line":185,"column":0},"end":{"line":185,"column":49}},"185":{"start":{"line":186,"column":0},"end":{"line":186,"column":50}},"186":{"start":{"line":187,"column":0},"end":{"line":187,"column":55}},"187":{"start":{"line":188,"column":0},"end":{"line":188,"column":4}},"188":{"start":{"line":189,"column":0},"end":{"line":189,"column":1}},"189":{"start":{"line":190,"column":0},"end":{"line":190,"column":0}},"190":{"start":{"line":191,"column":0},"end":{"line":191,"column":80}},"191":{"start":{"line":192,"column":0},"end":{"line":192,"column":34}},"192":{"start":{"line":193,"column":0},"end":{"line":193,"column":80}},"193":{"start":{"line":194,"column":0},"end":{"line":194,"column":0}},"194":{"start":{"line":195,"column":0},"end":{"line":195,"column":3}},"195":{"start":{"line":196,"column":0},"end":{"line":196,"column":46}},"196":{"start":{"line":197,"column":0},"end":{"line":197,"column":3}},"197":{"start":{"line":198,"column":0},"end":{"line":198,"column":55}},"198":{"start":{"line":199,"column":0},"end":{"line":199,"column":21}},"199":{"start":{"line":200,"column":0},"end":{"line":200,"column":3}},"200":{"start":{"line":201,"column":0},"end":{"line":201,"column":40}},"201":{"start":{"line":202,"column":0},"end":{"line":202,"column":54}},"202":{"start":{"line":203,"column":0},"end":{"line":203,"column":17}},"203":{"start":{"line":204,"column":0},"end":{"line":204,"column":3}},"204":{"start":{"line":205,"column":0},"end":{"line":205,"column":2}},"205":{"start":{"line":206,"column":0},"end":{"line":206,"column":25}},"206":{"start":{"line":207,"column":0},"end":{"line":207,"column":34}},"207":{"start":{"line":208,"column":0},"end":{"line":208,"column":17}},"208":{"start":{"line":209,"column":0},"end":{"line":209,"column":3}},"209":{"start":{"line":210,"column":0},"end":{"line":210,"column":2}},"210":{"start":{"line":211,"column":0},"end":{"line":211,"column":17}},"211":{"start":{"line":212,"column":0},"end":{"line":212,"column":50}},"212":{"start":{"line":213,"column":0},"end":{"line":213,"column":17}},"213":{"start":{"line":214,"column":0},"end":{"line":214,"column":3}},"214":{"start":{"line":215,"column":0},"end":{"line":215,"column":2}},"215":{"start":{"line":216,"column":0},"end":{"line":216,"column":49}},"216":{"start":{"line":217,"column":0},"end":{"line":217,"column":1}},"217":{"start":{"line":218,"column":0},"end":{"line":218,"column":0}},"218":{"start":{"line":219,"column":0},"end":{"line":219,"column":3}},"219":{"start":{"line":220,"column":0},"end":{"line":220,"column":55}},"220":{"start":{"line":221,"column":0},"end":{"line":221,"column":3}},"221":{"start":{"line":222,"column":0},"end":{"line":222,"column":68}},"222":{"start":{"line":223,"column":0},"end":{"line":223,"column":38}},"223":{"start":{"line":224,"column":0},"end":{"line":224,"column":56}},"224":{"start":{"line":225,"column":0},"end":{"line":225,"column":3}},"225":{"start":{"line":226,"column":0},"end":{"line":226,"column":56}},"226":{"start":{"line":227,"column":0},"end":{"line":227,"column":54}},"227":{"start":{"line":228,"column":0},"end":{"line":228,"column":61}},"228":{"start":{"line":229,"column":0},"end":{"line":229,"column":3}},"229":{"start":{"line":230,"column":0},"end":{"line":230,"column":2}},"230":{"start":{"line":231,"column":0},"end":{"line":231,"column":45}},"231":{"start":{"line":232,"column":0},"end":{"line":232,"column":34}},"232":{"start":{"line":233,"column":0},"end":{"line":233,"column":60}},"233":{"start":{"line":234,"column":0},"end":{"line":234,"column":3}},"234":{"start":{"line":235,"column":0},"end":{"line":235,"column":2}},"235":{"start":{"line":236,"column":0},"end":{"line":236,"column":17}},"236":{"start":{"line":237,"column":0},"end":{"line":237,"column":50}},"237":{"start":{"line":238,"column":0},"end":{"line":238,"column":96}},"238":{"start":{"line":239,"column":0},"end":{"line":239,"column":3}},"239":{"start":{"line":240,"column":0},"end":{"line":240,"column":2}},"240":{"start":{"line":241,"column":0},"end":{"line":241,"column":37}},"241":{"start":{"line":242,"column":0},"end":{"line":242,"column":102}},"242":{"start":{"line":243,"column":0},"end":{"line":243,"column":51}},"243":{"start":{"line":244,"column":0},"end":{"line":244,"column":2}},"244":{"start":{"line":245,"column":0},"end":{"line":245,"column":44}},"245":{"start":{"line":246,"column":0},"end":{"line":246,"column":44}},"246":{"start":{"line":247,"column":0},"end":{"line":247,"column":75}},"247":{"start":{"line":248,"column":0},"end":{"line":248,"column":5}},"248":{"start":{"line":249,"column":0},"end":{"line":249,"column":3}},"249":{"start":{"line":250,"column":0},"end":{"line":250,"column":2}},"250":{"start":{"line":251,"column":0},"end":{"line":251,"column":60}},"251":{"start":{"line":252,"column":0},"end":{"line":252,"column":63}},"252":{"start":{"line":253,"column":0},"end":{"line":253,"column":24}},"253":{"start":{"line":254,"column":0},"end":{"line":254,"column":1}},"254":{"start":{"line":255,"column":0},"end":{"line":255,"column":0}},"255":{"start":{"line":256,"column":0},"end":{"line":256,"column":3}},"256":{"start":{"line":257,"column":0},"end":{"line":257,"column":47}},"257":{"start":{"line":258,"column":0},"end":{"line":258,"column":3}},"258":{"start":{"line":259,"column":0},"end":{"line":259,"column":59}},"259":{"start":{"line":260,"column":0},"end":{"line":260,"column":55}},"260":{"start":{"line":261,"column":0},"end":{"line":261,"column":48}},"261":{"start":{"line":262,"column":0},"end":{"line":262,"column":75}},"262":{"start":{"line":263,"column":0},"end":{"line":263,"column":38}},"263":{"start":{"line":264,"column":0},"end":{"line":264,"column":58}},"264":{"start":{"line":265,"column":0},"end":{"line":265,"column":3}},"265":{"start":{"line":266,"column":0},"end":{"line":266,"column":84}},"266":{"start":{"line":267,"column":0},"end":{"line":267,"column":15}},"267":{"start":{"line":268,"column":0},"end":{"line":268,"column":46}},"268":{"start":{"line":269,"column":0},"end":{"line":269,"column":3}},"269":{"start":{"line":270,"column":0},"end":{"line":270,"column":2}},"270":{"start":{"line":271,"column":0},"end":{"line":271,"column":43}},"271":{"start":{"line":272,"column":0},"end":{"line":272,"column":57}},"272":{"start":{"line":273,"column":0},"end":{"line":273,"column":63}},"273":{"start":{"line":274,"column":0},"end":{"line":274,"column":3}},"274":{"start":{"line":275,"column":0},"end":{"line":275,"column":2}},"275":{"start":{"line":276,"column":0},"end":{"line":276,"column":19}},"276":{"start":{"line":277,"column":0},"end":{"line":277,"column":2}},"277":{"start":{"line":278,"column":0},"end":{"line":278,"column":17}},"278":{"start":{"line":279,"column":0},"end":{"line":279,"column":53}},"279":{"start":{"line":280,"column":0},"end":{"line":280,"column":3}},"280":{"start":{"line":281,"column":0},"end":{"line":281,"column":2}},"281":{"start":{"line":282,"column":0},"end":{"line":282,"column":15}},"282":{"start":{"line":283,"column":0},"end":{"line":283,"column":51}},"283":{"start":{"line":284,"column":0},"end":{"line":284,"column":3}},"284":{"start":{"line":285,"column":0},"end":{"line":285,"column":2}},"285":{"start":{"line":286,"column":0},"end":{"line":286,"column":48}},"286":{"start":{"line":287,"column":0},"end":{"line":287,"column":2}},"287":{"start":{"line":288,"column":0},"end":{"line":288,"column":25}},"288":{"start":{"line":289,"column":0},"end":{"line":289,"column":1}},"289":{"start":{"line":290,"column":0},"end":{"line":290,"column":0}},"290":{"start":{"line":291,"column":0},"end":{"line":291,"column":80}},"291":{"start":{"line":292,"column":0},"end":{"line":292,"column":18}},"292":{"start":{"line":293,"column":0},"end":{"line":293,"column":80}},"293":{"start":{"line":294,"column":0},"end":{"line":294,"column":0}},"294":{"start":{"line":295,"column":0},"end":{"line":295,"column":3}},"295":{"start":{"line":296,"column":0},"end":{"line":296,"column":50}},"296":{"start":{"line":297,"column":0},"end":{"line":297,"column":3}},"297":{"start":{"line":298,"column":0},"end":{"line":298,"column":46}},"298":{"start":{"line":299,"column":0},"end":{"line":299,"column":59}},"299":{"start":{"line":300,"column":0},"end":{"line":300,"column":3}},"300":{"start":{"line":301,"column":0},"end":{"line":301,"column":37}},"301":{"start":{"line":302,"column":0},"end":{"line":302,"column":46}},"302":{"start":{"line":303,"column":0},"end":{"line":303,"column":18}},"303":{"start":{"line":304,"column":0},"end":{"line":304,"column":3}},"304":{"start":{"line":305,"column":0},"end":{"line":305,"column":2}},"305":{"start":{"line":306,"column":0},"end":{"line":306,"column":28}},"306":{"start":{"line":307,"column":0},"end":{"line":307,"column":2}},"307":{"start":{"line":308,"column":0},"end":{"line":308,"column":25}},"308":{"start":{"line":309,"column":0},"end":{"line":309,"column":27}},"309":{"start":{"line":310,"column":0},"end":{"line":310,"column":64}},"310":{"start":{"line":311,"column":0},"end":{"line":311,"column":3}},"311":{"start":{"line":312,"column":0},"end":{"line":312,"column":2}},"312":{"start":{"line":313,"column":0},"end":{"line":313,"column":42}},"313":{"start":{"line":314,"column":0},"end":{"line":314,"column":42}},"314":{"start":{"line":315,"column":0},"end":{"line":315,"column":24}},"315":{"start":{"line":316,"column":0},"end":{"line":316,"column":1}},"316":{"start":{"line":317,"column":0},"end":{"line":317,"column":0}},"317":{"start":{"line":318,"column":0},"end":{"line":318,"column":80}},"318":{"start":{"line":319,"column":0},"end":{"line":319,"column":10}},"319":{"start":{"line":320,"column":0},"end":{"line":320,"column":80}},"320":{"start":{"line":321,"column":0},"end":{"line":321,"column":0}},"321":{"start":{"line":322,"column":0},"end":{"line":322,"column":16}},"322":{"start":{"line":323,"column":0},"end":{"line":323,"column":27}},"323":{"start":{"line":324,"column":0},"end":{"line":324,"column":28}},"324":{"start":{"line":325,"column":0},"end":{"line":325,"column":26}},"325":{"start":{"line":326,"column":0},"end":{"line":326,"column":18}},"326":{"start":{"line":327,"column":0},"end":{"line":327,"column":29}},"327":{"start":{"line":328,"column":0},"end":{"line":328,"column":26}},"328":{"start":{"line":329,"column":0},"end":{"line":329,"column":2}}},"s":{"0":1,"1":1,"2":1,"3":1,"4":1,"5":1,"6":1,"7":1,"8":1,"9":1,"10":1,"11":1,"12":1,"13":1,"14":1,"15":1,"16":1,"17":1,"18":1,"19":1,"20":1,"21":1,"22":1,"23":1,"24":1,"25":1,"26":1,"27":1,"28":1,"29":1,"30":1,"31":1,"32":1,"33":1,"34":1,"35":1,"36":1,"37":1,"38":1,"39":1,"40":1,"41":1,"42":1,"43":1,"44":1,"45":7,"46":7,"47":7,"48":7,"49":7,"50":7,"51":7,"52":7,"53":7,"54":7,"55":7,"56":7,"57":7,"58":7,"59":7,"60":7,"61":7,"62":1,"63":1,"64":1,"65":1,"66":1,"67":1,"68":1,"69":1,"70":1,"71":1,"72":1,"73":5,"74":5,"75":1,"76":1,"77":4,"78":4,"79":4,"80":4,"81":4,"82":4,"83":4,"84":4,"85":4,"86":4,"87":4,"88":4,"89":4,"90":4,"91":4,"92":4,"93":4,"94":4,"95":4,"96":4,"97":1,"98":1,"99":1,"100":1,"101":1,"102":1,"103":1,"104":1,"105":1,"106":1,"107":1,"108":1,"109":1,"110":6,"111":6,"112":6,"113":6,"114":6,"115":6,"116":6,"117":6,"118":6,"119":6,"120":1,"121":1,"122":5,"123":6,"124":30,"125":30,"126":30,"127":30,"128":30,"129":79,"130":26,"131":26,"132":26,"133":26,"134":79,"135":30,"136":30,"137":4,"138":4,"139":30,"140":5,"141":5,"142":5,"143":1,"144":1,"145":1,"146":1,"147":1,"148":1,"149":1,"150":1,"151":1,"152":1,"153":1,"154":1,"155":1,"156":1,"157":5,"158":1,"159":1,"160":4,"161":4,"162":4,"163":4,"164":5,"165":1,"166":1,"167":3,"168":3,"169":5,"170":1,"171":1,"172":2,"173":2,"174":1,"175":1,"176":1,"177":1,"178":1,"179":0,"180":1,"181":1,"182":1,"183":2,"184":2,"185":2,"186":2,"187":2,"188":2,"189":1,"190":1,"191":1,"192":1,"193":1,"194":1,"195":1,"196":1,"197":1,"198":1,"199":1,"200":5,"201":5,"202":0,"203":0,"204":5,"205":5,"206":5,"207":0,"208":0,"209":5,"210":5,"211":5,"212":0,"213":0,"214":5,"215":5,"216":5,"217":1,"218":1,"219":1,"220":1,"221":1,"222":1,"223":1,"224":1,"225":1,"226":19,"227":0,"228":0,"229":19,"230":19,"231":19,"232":1,"233":1,"234":18,"235":18,"236":19,"237":1,"238":1,"239":17,"240":17,"241":17,"242":17,"243":17,"244":19,"245":137,"246":2,"247":2,"248":137,"249":15,"250":15,"251":15,"252":15,"253":15,"254":1,"255":1,"256":1,"257":1,"258":1,"259":1,"260":1,"261":1,"262":1,"263":1,"264":1,"265":1,"266":7,"267":1,"268":1,"269":6,"270":6,"271":7,"272":1,"273":1,"274":5,"275":5,"276":5,"277":7,"278":4,"279":4,"280":4,"281":7,"282":3,"283":3,"284":4,"285":4,"286":4,"287":4,"288":4,"289":1,"290":1,"291":1,"292":1,"293":1,"294":1,"295":1,"296":1,"297":1,"298":1,"299":1,"300":22,"301":22,"302":0,"303":0,"304":22,"305":22,"306":22,"307":22,"308":22,"309":0,"310":0,"311":22,"312":22,"313":22,"314":22,"315":22,"316":1,"317":1,"318":1,"319":1,"320":1,"321":1,"322":1,"323":1,"324":1,"325":1,"326":1,"327":1,"328":1},"branchMap":{"0":{"type":"branch","line":45,"loc":{"start":{"line":45,"column":7},"end":{"line":62,"column":1}},"locations":[{"start":{"line":45,"column":7},"end":{"line":62,"column":1}}]},"1":{"type":"branch","line":73,"loc":{"start":{"line":73,"column":7},"end":{"line":97,"column":1}},"locations":[{"start":{"line":73,"column":7},"end":{"line":97,"column":1}}]},"2":{"type":"branch","line":75,"loc":{"start":{"line":75,"column":37},"end":{"line":77,"column":3}},"locations":[{"start":{"line":75,"column":37},"end":{"line":77,"column":3}}]},"3":{"type":"branch","line":77,"loc":{"start":{"line":77,"column":2},"end":{"line":97,"column":1}},"locations":[{"start":{"line":77,"column":2},"end":{"line":97,"column":1}}]},"4":{"type":"branch","line":110,"loc":{"start":{"line":110,"column":7},"end":{"line":143,"column":1}},"locations":[{"start":{"line":110,"column":7},"end":{"line":143,"column":1}}]},"5":{"type":"branch","line":120,"loc":{"start":{"line":120,"column":58},"end":{"line":122,"column":3}},"locations":[{"start":{"line":120,"column":58},"end":{"line":122,"column":3}}]},"6":{"type":"branch","line":122,"loc":{"start":{"line":122,"column":2},"end":{"line":124,"column":40}},"locations":[{"start":{"line":122,"column":2},"end":{"line":124,"column":40}}]},"7":{"type":"branch","line":124,"loc":{"start":{"line":124,"column":40},"end":{"line":140,"column":3}},"locations":[{"start":{"line":124,"column":40},"end":{"line":140,"column":3}}]},"8":{"type":"branch","line":129,"loc":{"start":{"line":129,"column":77},"end":{"line":135,"column":5}},"locations":[{"start":{"line":129,"column":77},"end":{"line":135,"column":5}}]},"9":{"type":"branch","line":130,"loc":{"start":{"line":130,"column":64},"end":{"line":134,"column":7}},"locations":[{"start":{"line":130,"column":64},"end":{"line":134,"column":7}}]},"10":{"type":"branch","line":137,"loc":{"start":{"line":137,"column":22},"end":{"line":139,"column":5}},"locations":[{"start":{"line":137,"column":22},"end":{"line":139,"column":5}}]},"11":{"type":"branch","line":140,"loc":{"start":{"line":140,"column":2},"end":{"line":143,"column":1}},"locations":[{"start":{"line":140,"column":2},"end":{"line":143,"column":1}}]},"12":{"type":"branch","line":130,"loc":{"start":{"line":130,"column":24},"end":{"line":130,"column":61}},"locations":[{"start":{"line":130,"column":24},"end":{"line":130,"column":61}}]},"13":{"type":"branch","line":157,"loc":{"start":{"line":157,"column":7},"end":{"line":189,"column":1}},"locations":[{"start":{"line":157,"column":7},"end":{"line":189,"column":1}}]},"14":{"type":"branch","line":158,"loc":{"start":{"line":158,"column":38},"end":{"line":160,"column":3}},"locations":[{"start":{"line":158,"column":38},"end":{"line":160,"column":3}}]},"15":{"type":"branch","line":160,"loc":{"start":{"line":160,"column":2},"end":{"line":165,"column":35}},"locations":[{"start":{"line":160,"column":2},"end":{"line":165,"column":35}}]},"16":{"type":"branch","line":165,"loc":{"start":{"line":165,"column":35},"end":{"line":167,"column":3}},"locations":[{"start":{"line":165,"column":35},"end":{"line":167,"column":3}}]},"17":{"type":"branch","line":167,"loc":{"start":{"line":167,"column":2},"end":{"line":170,"column":30}},"locations":[{"start":{"line":167,"column":2},"end":{"line":170,"column":30}}]},"18":{"type":"branch","line":170,"loc":{"start":{"line":170,"column":30},"end":{"line":183,"column":3}},"locations":[{"start":{"line":170,"column":30},"end":{"line":183,"column":3}}]},"19":{"type":"branch","line":171,"loc":{"start":{"line":171,"column":66},"end":{"line":171,"column":71}},"locations":[{"start":{"line":171,"column":66},"end":{"line":171,"column":71}}]},"20":{"type":"branch","line":183,"loc":{"start":{"line":183,"column":2},"end":{"line":189,"column":1}},"locations":[{"start":{"line":183,"column":2},"end":{"line":189,"column":1}}]},"21":{"type":"branch","line":163,"loc":{"start":{"line":163,"column":39},"end":{"line":163,"column":59}},"locations":[{"start":{"line":163,"column":39},"end":{"line":163,"column":59}}]},"22":{"type":"branch","line":172,"loc":{"start":{"line":172,"column":49},"end":{"line":175,"column":5}},"locations":[{"start":{"line":172,"column":49},"end":{"line":175,"column":5}}]},"23":{"type":"branch","line":174,"loc":{"start":{"line":174,"column":27},"end":{"line":174,"column":52}},"locations":[{"start":{"line":174,"column":27},"end":{"line":174,"column":52}}]},"24":{"type":"branch","line":186,"loc":{"start":{"line":186,"column":31},"end":{"line":187,"column":55}},"locations":[{"start":{"line":186,"column":31},"end":{"line":187,"column":55}}]},"25":{"type":"branch","line":187,"loc":{"start":{"line":187,"column":39},"end":{"line":187,"column":48}},"locations":[{"start":{"line":187,"column":39},"end":{"line":187,"column":48}}]},"26":{"type":"branch","line":187,"loc":{"start":{"line":187,"column":49},"end":{"line":187,"column":55}},"locations":[{"start":{"line":187,"column":49},"end":{"line":187,"column":55}}]},"27":{"type":"branch","line":201,"loc":{"start":{"line":201,"column":0},"end":{"line":217,"column":1}},"locations":[{"start":{"line":201,"column":0},"end":{"line":217,"column":1}}]},"28":{"type":"branch","line":202,"loc":{"start":{"line":202,"column":53},"end":{"line":204,"column":3}},"locations":[{"start":{"line":202,"column":53},"end":{"line":204,"column":3}}]},"29":{"type":"branch","line":207,"loc":{"start":{"line":207,"column":33},"end":{"line":209,"column":3}},"locations":[{"start":{"line":207,"column":33},"end":{"line":209,"column":3}}]},"30":{"type":"branch","line":212,"loc":{"start":{"line":212,"column":49},"end":{"line":214,"column":3}},"locations":[{"start":{"line":212,"column":49},"end":{"line":214,"column":3}}]},"31":{"type":"branch","line":226,"loc":{"start":{"line":226,"column":7},"end":{"line":254,"column":1}},"locations":[{"start":{"line":226,"column":7},"end":{"line":254,"column":1}}]},"32":{"type":"branch","line":227,"loc":{"start":{"line":227,"column":53},"end":{"line":229,"column":3}},"locations":[{"start":{"line":227,"column":53},"end":{"line":229,"column":3}}]},"33":{"type":"branch","line":232,"loc":{"start":{"line":232,"column":33},"end":{"line":234,"column":3}},"locations":[{"start":{"line":232,"column":33},"end":{"line":234,"column":3}}]},"34":{"type":"branch","line":234,"loc":{"start":{"line":234,"column":2},"end":{"line":237,"column":49}},"locations":[{"start":{"line":234,"column":2},"end":{"line":237,"column":49}}]},"35":{"type":"branch","line":237,"loc":{"start":{"line":237,"column":49},"end":{"line":239,"column":3}},"locations":[{"start":{"line":237,"column":49},"end":{"line":239,"column":3}}]},"36":{"type":"branch","line":239,"loc":{"start":{"line":239,"column":2},"end":{"line":245,"column":43}},"locations":[{"start":{"line":239,"column":2},"end":{"line":245,"column":43}}]},"37":{"type":"branch","line":245,"loc":{"start":{"line":245,"column":43},"end":{"line":249,"column":3}},"locations":[{"start":{"line":245,"column":43},"end":{"line":249,"column":3}}]},"38":{"type":"branch","line":246,"loc":{"start":{"line":246,"column":43},"end":{"line":248,"column":5}},"locations":[{"start":{"line":246,"column":43},"end":{"line":248,"column":5}}]},"39":{"type":"branch","line":249,"loc":{"start":{"line":249,"column":2},"end":{"line":254,"column":1}},"locations":[{"start":{"line":249,"column":2},"end":{"line":254,"column":1}}]},"40":{"type":"branch","line":266,"loc":{"start":{"line":266,"column":7},"end":{"line":289,"column":1}},"locations":[{"start":{"line":266,"column":7},"end":{"line":289,"column":1}}]},"41":{"type":"branch","line":267,"loc":{"start":{"line":267,"column":14},"end":{"line":269,"column":3}},"locations":[{"start":{"line":267,"column":14},"end":{"line":269,"column":3}}]},"42":{"type":"branch","line":269,"loc":{"start":{"line":269,"column":2},"end":{"line":272,"column":16}},"locations":[{"start":{"line":269,"column":2},"end":{"line":272,"column":16}}]},"43":{"type":"branch","line":272,"loc":{"start":{"line":272,"column":16},"end":{"line":272,"column":54}},"locations":[{"start":{"line":272,"column":16},"end":{"line":272,"column":54}}]},"44":{"type":"branch","line":272,"loc":{"start":{"line":272,"column":56},"end":{"line":274,"column":3}},"locations":[{"start":{"line":272,"column":56},"end":{"line":274,"column":3}}]},"45":{"type":"branch","line":274,"loc":{"start":{"line":274,"column":2},"end":{"line":278,"column":16}},"locations":[{"start":{"line":274,"column":2},"end":{"line":278,"column":16}}]},"46":{"type":"branch","line":278,"loc":{"start":{"line":278,"column":16},"end":{"line":282,"column":14}},"locations":[{"start":{"line":278,"column":16},"end":{"line":282,"column":14}}]},"47":{"type":"branch","line":282,"loc":{"start":{"line":282,"column":14},"end":{"line":284,"column":3}},"locations":[{"start":{"line":282,"column":14},"end":{"line":284,"column":3}}]},"48":{"type":"branch","line":284,"loc":{"start":{"line":284,"column":2},"end":{"line":289,"column":1}},"locations":[{"start":{"line":284,"column":2},"end":{"line":289,"column":1}}]},"49":{"type":"branch","line":301,"loc":{"start":{"line":301,"column":0},"end":{"line":316,"column":1}},"locations":[{"start":{"line":301,"column":0},"end":{"line":316,"column":1}}]},"50":{"type":"branch","line":302,"loc":{"start":{"line":302,"column":45},"end":{"line":304,"column":3}},"locations":[{"start":{"line":302,"column":45},"end":{"line":304,"column":3}}]},"51":{"type":"branch","line":309,"loc":{"start":{"line":309,"column":26},"end":{"line":311,"column":3}},"locations":[{"start":{"line":309,"column":26},"end":{"line":311,"column":3}}]}},"b":{"0":[7],"1":[5],"2":[1],"3":[4],"4":[6],"5":[1],"6":[5],"7":[30],"8":[79],"9":[26],"10":[4],"11":[5],"12":[369],"13":[5],"14":[1],"15":[4],"16":[1],"17":[3],"18":[1],"19":[0],"20":[2],"21":[11],"22":[2],"23":[8],"24":[2],"25":[1],"26":[1],"27":[5],"28":[0],"29":[0],"30":[0],"31":[19],"32":[0],"33":[1],"34":[18],"35":[1],"36":[17],"37":[137],"38":[2],"39":[15],"40":[7],"41":[1],"42":[6],"43":[2],"44":[1],"45":[5],"46":[4],"47":[3],"48":[4],"49":[22],"50":[0],"51":[0]},"fnMap":{"0":{"name":"buildTableDiscoveryQuery","decl":{"start":{"line":45,"column":7},"end":{"line":62,"column":1}},"loc":{"start":{"line":45,"column":7},"end":{"line":62,"column":1}},"line":45},"1":{"name":"buildColumnDiscoveryQuery","decl":{"start":{"line":73,"column":7},"end":{"line":97,"column":1}},"loc":{"start":{"line":73,"column":7},"end":{"line":97,"column":1}},"line":73},"2":{"name":"buildEntityTypeRegistry","decl":{"start":{"line":110,"column":7},"end":{"line":143,"column":1}},"loc":{"start":{"line":110,"column":7},"end":{"line":143,"column":1}},"line":110},"3":{"name":"selectBestTable","decl":{"start":{"line":157,"column":7},"end":{"line":189,"column":1}},"loc":{"start":{"line":157,"column":7},"end":{"line":189,"column":1}},"line":157},"4":{"name":"isValidIdentifier","decl":{"start":{"line":201,"column":0},"end":{"line":217,"column":1}},"loc":{"start":{"line":201,"column":0},"end":{"line":217,"column":1}},"line":201},"5":{"name":"validateAndQuoteIdentifier","decl":{"start":{"line":226,"column":7},"end":{"line":254,"column":1}},"loc":{"start":{"line":226,"column":7},"end":{"line":254,"column":1}},"line":226},"6":{"name":"buildSafeTableReference","decl":{"start":{"line":266,"column":7},"end":{"line":289,"column":1}},"loc":{"start":{"line":266,"column":7},"end":{"line":289,"column":1}},"line":266},"7":{"name":"escapeStringLiteral","decl":{"start":{"line":301,"column":0},"end":{"line":316,"column":1}},"loc":{"start":{"line":301,"column":0},"end":{"line":316,"column":1}},"line":301}},"f":{"0":7,"1":5,"2":6,"3":5,"4":5,"5":19,"6":7,"7":22}}
,"/Users/greg.martell/Downloads/atlan-frontend-main/src/components/admin/integrations/browserExtension/BrowserExtensionConfiguration/MDLH_Dict/src/utils/resultFormatters.js": {"path":"/Users/greg.martell/Downloads/atlan-frontend-main/src/components/admin/integrations/browserExtension/BrowserExtensionConfiguration/MDLH_Dict/src/utils/resultFormatters.js","all":false,"statementMap":{"0":{"start":{"line":1,"column":0},"end":{"line":1,"column":3}},"1":{"start":{"line":2,"column":0},"end":{"line":2,"column":20}},"2":{"start":{"line":3,"column":0},"end":{"line":3,"column":3}},"3":{"start":{"line":4,"column":0},"end":{"line":4,"column":65}},"4":{"start":{"line":5,"column":0},"end":{"line":5,"column":66}},"5":{"start":{"line":6,"column":0},"end":{"line":6,"column":3}},"6":{"start":{"line":7,"column":0},"end":{"line":7,"column":0}},"7":{"start":{"line":8,"column":0},"end":{"line":8,"column":80}},"8":{"start":{"line":9,"column":0},"end":{"line":9,"column":17}},"9":{"start":{"line":10,"column":0},"end":{"line":10,"column":80}},"10":{"start":{"line":11,"column":0},"end":{"line":11,"column":0}},"11":{"start":{"line":12,"column":0},"end":{"line":12,"column":3}},"12":{"start":{"line":13,"column":0},"end":{"line":13,"column":42}},"13":{"start":{"line":14,"column":0},"end":{"line":14,"column":54}},"14":{"start":{"line":15,"column":0},"end":{"line":15,"column":3}},"15":{"start":{"line":16,"column":0},"end":{"line":16,"column":36}},"16":{"start":{"line":17,"column":0},"end":{"line":17,"column":21}},"17":{"start":{"line":18,"column":0},"end":{"line":18,"column":3}},"18":{"start":{"line":19,"column":0},"end":{"line":19,"column":31}},"19":{"start":{"line":20,"column":0},"end":{"line":20,"column":56}},"20":{"start":{"line":21,"column":0},"end":{"line":21,"column":2}},"21":{"start":{"line":22,"column":0},"end":{"line":22,"column":41}},"22":{"start":{"line":23,"column":0},"end":{"line":23,"column":92}},"23":{"start":{"line":24,"column":0},"end":{"line":24,"column":34}},"24":{"start":{"line":25,"column":0},"end":{"line":25,"column":47}},"25":{"start":{"line":26,"column":0},"end":{"line":26,"column":2}},"26":{"start":{"line":27,"column":0},"end":{"line":27,"column":71}},"27":{"start":{"line":28,"column":0},"end":{"line":28,"column":1}},"28":{"start":{"line":29,"column":0},"end":{"line":29,"column":0}},"29":{"start":{"line":30,"column":0},"end":{"line":30,"column":3}},"30":{"start":{"line":31,"column":0},"end":{"line":31,"column":42}},"31":{"start":{"line":32,"column":0},"end":{"line":32,"column":54}},"32":{"start":{"line":33,"column":0},"end":{"line":33,"column":3}},"33":{"start":{"line":34,"column":0},"end":{"line":34,"column":36}},"34":{"start":{"line":35,"column":0},"end":{"line":35,"column":21}},"35":{"start":{"line":36,"column":0},"end":{"line":36,"column":3}},"36":{"start":{"line":37,"column":0},"end":{"line":37,"column":43}},"37":{"start":{"line":38,"column":0},"end":{"line":38,"column":56}},"38":{"start":{"line":39,"column":0},"end":{"line":39,"column":2}},"39":{"start":{"line":40,"column":0},"end":{"line":40,"column":63}},"40":{"start":{"line":41,"column":0},"end":{"line":41,"column":86}},"41":{"start":{"line":42,"column":0},"end":{"line":42,"column":26}},"42":{"start":{"line":43,"column":0},"end":{"line":43,"column":41}},"43":{"start":{"line":44,"column":0},"end":{"line":44,"column":49}},"44":{"start":{"line":45,"column":0},"end":{"line":45,"column":70}},"45":{"start":{"line":46,"column":0},"end":{"line":46,"column":2}},"46":{"start":{"line":47,"column":0},"end":{"line":47,"column":80}},"47":{"start":{"line":48,"column":0},"end":{"line":48,"column":1}},"48":{"start":{"line":49,"column":0},"end":{"line":49,"column":0}},"49":{"start":{"line":50,"column":0},"end":{"line":50,"column":80}},"50":{"start":{"line":51,"column":0},"end":{"line":51,"column":18}},"51":{"start":{"line":52,"column":0},"end":{"line":52,"column":80}},"52":{"start":{"line":53,"column":0},"end":{"line":53,"column":0}},"53":{"start":{"line":54,"column":0},"end":{"line":54,"column":3}},"54":{"start":{"line":55,"column":0},"end":{"line":55,"column":55}},"55":{"start":{"line":56,"column":0},"end":{"line":56,"column":3}},"56":{"start":{"line":57,"column":0},"end":{"line":57,"column":45}},"57":{"start":{"line":58,"column":0},"end":{"line":58,"column":49}},"58":{"start":{"line":59,"column":0},"end":{"line":59,"column":3}},"59":{"start":{"line":60,"column":0},"end":{"line":60,"column":42}},"60":{"start":{"line":61,"column":0},"end":{"line":61,"column":35}},"61":{"start":{"line":62,"column":0},"end":{"line":62,"column":2}},"62":{"start":{"line":63,"column":0},"end":{"line":63,"column":37}},"63":{"start":{"line":64,"column":0},"end":{"line":64,"column":67}},"64":{"start":{"line":65,"column":0},"end":{"line":65,"column":2}},"65":{"start":{"line":66,"column":0},"end":{"line":66,"column":27}},"66":{"start":{"line":67,"column":0},"end":{"line":67,"column":63}},"67":{"start":{"line":68,"column":0},"end":{"line":68,"column":26}},"68":{"start":{"line":69,"column":0},"end":{"line":69,"column":3}},"69":{"start":{"line":70,"column":0},"end":{"line":70,"column":2}},"70":{"start":{"line":71,"column":0},"end":{"line":71,"column":25}},"71":{"start":{"line":72,"column":0},"end":{"line":72,"column":51}},"72":{"start":{"line":73,"column":0},"end":{"line":73,"column":48}},"73":{"start":{"line":74,"column":0},"end":{"line":74,"column":51}},"74":{"start":{"line":75,"column":0},"end":{"line":75,"column":49}},"75":{"start":{"line":76,"column":0},"end":{"line":76,"column":46}},"76":{"start":{"line":77,"column":0},"end":{"line":77,"column":45}},"77":{"start":{"line":78,"column":0},"end":{"line":78,"column":47}},"78":{"start":{"line":79,"column":0},"end":{"line":79,"column":2}},"79":{"start":{"line":80,"column":0},"end":{"line":80,"column":25}},"80":{"start":{"line":81,"column":0},"end":{"line":81,"column":22}},"81":{"start":{"line":82,"column":0},"end":{"line":82,"column":3}},"82":{"start":{"line":83,"column":0},"end":{"line":83,"column":2}},"83":{"start":{"line":84,"column":0},"end":{"line":84,"column":25}},"84":{"start":{"line":85,"column":0},"end":{"line":85,"column":77}},"85":{"start":{"line":86,"column":0},"end":{"line":86,"column":3}},"86":{"start":{"line":87,"column":0},"end":{"line":87,"column":2}},"87":{"start":{"line":88,"column":0},"end":{"line":88,"column":23}},"88":{"start":{"line":89,"column":0},"end":{"line":89,"column":69}},"89":{"start":{"line":90,"column":0},"end":{"line":90,"column":3}},"90":{"start":{"line":91,"column":0},"end":{"line":91,"column":2}},"91":{"start":{"line":92,"column":0},"end":{"line":92,"column":21}},"92":{"start":{"line":93,"column":0},"end":{"line":93,"column":65}},"93":{"start":{"line":94,"column":0},"end":{"line":94,"column":3}},"94":{"start":{"line":95,"column":0},"end":{"line":95,"column":2}},"95":{"start":{"line":96,"column":0},"end":{"line":96,"column":22}},"96":{"start":{"line":97,"column":0},"end":{"line":97,"column":69}},"97":{"start":{"line":98,"column":0},"end":{"line":98,"column":3}},"98":{"start":{"line":99,"column":0},"end":{"line":99,"column":2}},"99":{"start":{"line":100,"column":0},"end":{"line":100,"column":71}},"100":{"start":{"line":101,"column":0},"end":{"line":101,"column":1}},"101":{"start":{"line":102,"column":0},"end":{"line":102,"column":0}},"102":{"start":{"line":103,"column":0},"end":{"line":103,"column":80}},"103":{"start":{"line":104,"column":0},"end":{"line":104,"column":20}},"104":{"start":{"line":105,"column":0},"end":{"line":105,"column":80}},"105":{"start":{"line":106,"column":0},"end":{"line":106,"column":0}},"106":{"start":{"line":107,"column":0},"end":{"line":107,"column":3}},"107":{"start":{"line":108,"column":0},"end":{"line":108,"column":63}},"108":{"start":{"line":109,"column":0},"end":{"line":109,"column":3}},"109":{"start":{"line":110,"column":0},"end":{"line":110,"column":43}},"110":{"start":{"line":111,"column":0},"end":{"line":111,"column":84}},"111":{"start":{"line":112,"column":0},"end":{"line":112,"column":37}},"112":{"start":{"line":113,"column":0},"end":{"line":113,"column":3}},"113":{"start":{"line":114,"column":0},"end":{"line":114,"column":49}},"114":{"start":{"line":115,"column":0},"end":{"line":115,"column":56}},"115":{"start":{"line":116,"column":0},"end":{"line":116,"column":2}},"116":{"start":{"line":117,"column":0},"end":{"line":117,"column":28}},"117":{"start":{"line":118,"column":0},"end":{"line":118,"column":39}},"118":{"start":{"line":119,"column":0},"end":{"line":119,"column":2}},"119":{"start":{"line":120,"column":0},"end":{"line":120,"column":27}},"120":{"start":{"line":121,"column":0},"end":{"line":121,"column":126}},"121":{"start":{"line":122,"column":0},"end":{"line":122,"column":28}},"122":{"start":{"line":123,"column":0},"end":{"line":123,"column":3}},"123":{"start":{"line":124,"column":0},"end":{"line":124,"column":2}},"124":{"start":{"line":125,"column":0},"end":{"line":125,"column":22}},"125":{"start":{"line":126,"column":0},"end":{"line":126,"column":96}},"126":{"start":{"line":127,"column":0},"end":{"line":127,"column":43}},"127":{"start":{"line":128,"column":0},"end":{"line":128,"column":2}},"128":{"start":{"line":129,"column":0},"end":{"line":129,"column":31}},"129":{"start":{"line":130,"column":0},"end":{"line":130,"column":34}},"130":{"start":{"line":131,"column":0},"end":{"line":131,"column":2}},"131":{"start":{"line":132,"column":0},"end":{"line":132,"column":22}},"132":{"start":{"line":133,"column":0},"end":{"line":133,"column":54}},"133":{"start":{"line":134,"column":0},"end":{"line":134,"column":84}},"134":{"start":{"line":135,"column":0},"end":{"line":135,"column":3}},"135":{"start":{"line":136,"column":0},"end":{"line":136,"column":2}},"136":{"start":{"line":137,"column":0},"end":{"line":137,"column":25}},"137":{"start":{"line":138,"column":0},"end":{"line":138,"column":69}},"138":{"start":{"line":139,"column":0},"end":{"line":139,"column":43}},"139":{"start":{"line":140,"column":0},"end":{"line":140,"column":3}},"140":{"start":{"line":141,"column":0},"end":{"line":141,"column":2}},"141":{"start":{"line":142,"column":0},"end":{"line":142,"column":28}},"142":{"start":{"line":143,"column":0},"end":{"line":143,"column":72}},"143":{"start":{"line":144,"column":0},"end":{"line":144,"column":43}},"144":{"start":{"line":145,"column":0},"end":{"line":145,"column":3}},"145":{"start":{"line":146,"column":0},"end":{"line":146,"column":2}},"146":{"start":{"line":147,"column":0},"end":{"line":147,"column":73}},"147":{"start":{"line":148,"column":0},"end":{"line":148,"column":41}},"148":{"start":{"line":149,"column":0},"end":{"line":149,"column":1}},"149":{"start":{"line":150,"column":0},"end":{"line":150,"column":0}},"150":{"start":{"line":151,"column":0},"end":{"line":151,"column":3}},"151":{"start":{"line":152,"column":0},"end":{"line":152,"column":38}},"152":{"start":{"line":153,"column":0},"end":{"line":153,"column":3}},"153":{"start":{"line":154,"column":0},"end":{"line":154,"column":42}},"154":{"start":{"line":155,"column":0},"end":{"line":155,"column":54}},"155":{"start":{"line":156,"column":0},"end":{"line":156,"column":3}},"156":{"start":{"line":157,"column":0},"end":{"line":157,"column":29}},"157":{"start":{"line":158,"column":0},"end":{"line":158,"column":32}},"158":{"start":{"line":159,"column":0},"end":{"line":159,"column":2}},"159":{"start":{"line":160,"column":0},"end":{"line":160,"column":52}},"160":{"start":{"line":161,"column":0},"end":{"line":161,"column":17}},"161":{"start":{"line":162,"column":0},"end":{"line":162,"column":64}},"162":{"start":{"line":163,"column":0},"end":{"line":163,"column":39}},"163":{"start":{"line":164,"column":0},"end":{"line":164,"column":2}},"164":{"start":{"line":165,"column":0},"end":{"line":165,"column":64}},"165":{"start":{"line":166,"column":0},"end":{"line":166,"column":86}},"166":{"start":{"line":167,"column":0},"end":{"line":167,"column":36}},"167":{"start":{"line":168,"column":0},"end":{"line":168,"column":1}},"168":{"start":{"line":169,"column":0},"end":{"line":169,"column":0}},"169":{"start":{"line":170,"column":0},"end":{"line":170,"column":80}},"170":{"start":{"line":171,"column":0},"end":{"line":171,"column":26}},"171":{"start":{"line":172,"column":0},"end":{"line":172,"column":80}},"172":{"start":{"line":173,"column":0},"end":{"line":173,"column":0}},"173":{"start":{"line":174,"column":0},"end":{"line":174,"column":3}},"174":{"start":{"line":175,"column":0},"end":{"line":175,"column":38}},"175":{"start":{"line":176,"column":0},"end":{"line":176,"column":3}},"176":{"start":{"line":177,"column":0},"end":{"line":177,"column":39}},"177":{"start":{"line":178,"column":0},"end":{"line":178,"column":59}},"178":{"start":{"line":179,"column":0},"end":{"line":179,"column":66}},"179":{"start":{"line":180,"column":0},"end":{"line":180,"column":3}},"180":{"start":{"line":181,"column":0},"end":{"line":181,"column":55}},"181":{"start":{"line":182,"column":0},"end":{"line":182,"column":21}},"182":{"start":{"line":183,"column":0},"end":{"line":183,"column":59}},"183":{"start":{"line":184,"column":0},"end":{"line":184,"column":3}},"184":{"start":{"line":185,"column":0},"end":{"line":185,"column":2}},"185":{"start":{"line":186,"column":0},"end":{"line":186,"column":28}},"186":{"start":{"line":187,"column":0},"end":{"line":187,"column":64}},"187":{"start":{"line":188,"column":0},"end":{"line":188,"column":3}},"188":{"start":{"line":189,"column":0},"end":{"line":189,"column":2}},"189":{"start":{"line":190,"column":0},"end":{"line":190,"column":27}},"190":{"start":{"line":191,"column":0},"end":{"line":191,"column":2}},"191":{"start":{"line":192,"column":0},"end":{"line":192,"column":20}},"192":{"start":{"line":193,"column":0},"end":{"line":193,"column":57}},"193":{"start":{"line":194,"column":0},"end":{"line":194,"column":3}},"194":{"start":{"line":195,"column":0},"end":{"line":195,"column":2}},"195":{"start":{"line":196,"column":0},"end":{"line":196,"column":37}},"196":{"start":{"line":197,"column":0},"end":{"line":197,"column":39}},"197":{"start":{"line":198,"column":0},"end":{"line":198,"column":2}},"198":{"start":{"line":199,"column":0},"end":{"line":199,"column":39}},"199":{"start":{"line":200,"column":0},"end":{"line":200,"column":52}},"200":{"start":{"line":201,"column":0},"end":{"line":201,"column":34}},"201":{"start":{"line":202,"column":0},"end":{"line":202,"column":5}},"202":{"start":{"line":203,"column":0},"end":{"line":203,"column":24}},"203":{"start":{"line":204,"column":0},"end":{"line":204,"column":5}},"204":{"start":{"line":205,"column":0},"end":{"line":205,"column":2}},"205":{"start":{"line":206,"column":0},"end":{"line":206,"column":28}},"206":{"start":{"line":207,"column":0},"end":{"line":207,"column":38}},"207":{"start":{"line":208,"column":0},"end":{"line":208,"column":34}},"208":{"start":{"line":209,"column":0},"end":{"line":209,"column":2}},"209":{"start":{"line":210,"column":0},"end":{"line":210,"column":39}},"210":{"start":{"line":211,"column":0},"end":{"line":211,"column":1}},"211":{"start":{"line":212,"column":0},"end":{"line":212,"column":0}},"212":{"start":{"line":213,"column":0},"end":{"line":213,"column":3}},"213":{"start":{"line":214,"column":0},"end":{"line":214,"column":43}},"214":{"start":{"line":215,"column":0},"end":{"line":215,"column":3}},"215":{"start":{"line":216,"column":0},"end":{"line":216,"column":41}},"216":{"start":{"line":217,"column":0},"end":{"line":217,"column":62}},"217":{"start":{"line":218,"column":0},"end":{"line":218,"column":42}},"218":{"start":{"line":219,"column":0},"end":{"line":219,"column":3}},"219":{"start":{"line":220,"column":0},"end":{"line":220,"column":57}},"220":{"start":{"line":221,"column":0},"end":{"line":221,"column":34}},"221":{"start":{"line":222,"column":0},"end":{"line":222,"column":44}},"222":{"start":{"line":223,"column":0},"end":{"line":223,"column":2}},"223":{"start":{"line":224,"column":0},"end":{"line":224,"column":7}},"224":{"start":{"line":225,"column":0},"end":{"line":225,"column":60}},"225":{"start":{"line":226,"column":0},"end":{"line":226,"column":31}},"226":{"start":{"line":227,"column":0},"end":{"line":227,"column":54}},"227":{"start":{"line":228,"column":0},"end":{"line":228,"column":56}},"228":{"start":{"line":229,"column":0},"end":{"line":229,"column":30}},"229":{"start":{"line":230,"column":0},"end":{"line":230,"column":30}},"230":{"start":{"line":231,"column":0},"end":{"line":231,"column":9}},"231":{"start":{"line":232,"column":0},"end":{"line":232,"column":24}},"232":{"start":{"line":233,"column":0},"end":{"line":233,"column":7}},"233":{"start":{"line":234,"column":0},"end":{"line":234,"column":19}},"234":{"start":{"line":235,"column":0},"end":{"line":235,"column":10}},"235":{"start":{"line":236,"column":0},"end":{"line":236,"column":4}},"236":{"start":{"line":237,"column":0},"end":{"line":237,"column":34}},"237":{"start":{"line":238,"column":0},"end":{"line":238,"column":50}},"238":{"start":{"line":239,"column":0},"end":{"line":239,"column":5}},"239":{"start":{"line":240,"column":0},"end":{"line":240,"column":4}},"240":{"start":{"line":241,"column":0},"end":{"line":241,"column":16}},"241":{"start":{"line":242,"column":0},"end":{"line":242,"column":15}},"242":{"start":{"line":243,"column":0},"end":{"line":243,"column":22}},"243":{"start":{"line":244,"column":0},"end":{"line":244,"column":3}},"244":{"start":{"line":245,"column":0},"end":{"line":245,"column":1}},"245":{"start":{"line":246,"column":0},"end":{"line":246,"column":0}},"246":{"start":{"line":247,"column":0},"end":{"line":247,"column":80}},"247":{"start":{"line":248,"column":0},"end":{"line":248,"column":13}},"248":{"start":{"line":249,"column":0},"end":{"line":249,"column":80}},"249":{"start":{"line":250,"column":0},"end":{"line":250,"column":0}},"250":{"start":{"line":251,"column":0},"end":{"line":251,"column":3}},"251":{"start":{"line":252,"column":0},"end":{"line":252,"column":39}},"252":{"start":{"line":253,"column":0},"end":{"line":253,"column":38}},"253":{"start":{"line":254,"column":0},"end":{"line":254,"column":3}},"254":{"start":{"line":255,"column":0},"end":{"line":255,"column":49}},"255":{"start":{"line":256,"column":0},"end":{"line":256,"column":84}},"256":{"start":{"line":257,"column":0},"end":{"line":257,"column":3}},"257":{"start":{"line":258,"column":0},"end":{"line":258,"column":39}},"258":{"start":{"line":259,"column":0},"end":{"line":259,"column":33}},"259":{"start":{"line":260,"column":0},"end":{"line":260,"column":2}},"260":{"start":{"line":261,"column":0},"end":{"line":261,"column":38}},"261":{"start":{"line":262,"column":0},"end":{"line":262,"column":2}},"262":{"start":{"line":263,"column":0},"end":{"line":263,"column":17}},"263":{"start":{"line":264,"column":0},"end":{"line":264,"column":95}},"264":{"start":{"line":265,"column":0},"end":{"line":265,"column":18}},"265":{"start":{"line":266,"column":0},"end":{"line":266,"column":3}},"266":{"start":{"line":267,"column":0},"end":{"line":267,"column":2}},"267":{"start":{"line":268,"column":0},"end":{"line":268,"column":17}},"268":{"start":{"line":269,"column":0},"end":{"line":269,"column":147}},"269":{"start":{"line":270,"column":0},"end":{"line":270,"column":18}},"270":{"start":{"line":271,"column":0},"end":{"line":271,"column":3}},"271":{"start":{"line":272,"column":0},"end":{"line":272,"column":2}},"272":{"start":{"line":273,"column":0
[...]
olumn":18}}]},"40":{"type":"branch","line":118,"loc":{"start":{"line":118,"column":18},"end":{"line":118,"column":39}},"locations":[{"start":{"line":118,"column":18},"end":{"line":118,"column":39}}]},"41":{"type":"branch","line":118,"loc":{"start":{"line":118,"column":38},"end":{"line":121,"column":29}},"locations":[{"start":{"line":118,"column":38},"end":{"line":121,"column":29}}]},"42":{"type":"branch","line":121,"loc":{"start":{"line":121,"column":29},"end":{"line":121,"column":76}},"locations":[{"start":{"line":121,"column":29},"end":{"line":121,"column":76}}]},"43":{"type":"branch","line":121,"loc":{"start":{"line":121,"column":42},"end":{"line":121,"column":55}},"locations":[{"start":{"line":121,"column":42},"end":{"line":121,"column":55}}]},"44":{"type":"branch","line":121,"loc":{"start":{"line":121,"column":57},"end":{"line":121,"column":67}},"locations":[{"start":{"line":121,"column":57},"end":{"line":121,"column":67}}]},"45":{"type":"branch","line":121,"loc":{"start":{"line":121,"column":77},"end":{"line":121,"column":123}},"locations":[{"start":{"line":121,"column":77},"end":{"line":121,"column":123}}]},"46":{"type":"branch","line":121,"loc":{"start":{"line":121,"column":90},"end":{"line":121,"column":103}},"locations":[{"start":{"line":121,"column":90},"end":{"line":121,"column":103}}]},"47":{"type":"branch","line":121,"loc":{"start":{"line":121,"column":105},"end":{"line":121,"column":115}},"locations":[{"start":{"line":121,"column":105},"end":{"line":121,"column":115}}]},"48":{"type":"branch","line":121,"loc":{"start":{"line":121,"column":125},"end":{"line":123,"column":3}},"locations":[{"start":{"line":121,"column":125},"end":{"line":123,"column":3}}]},"49":{"type":"branch","line":123,"loc":{"start":{"line":123,"column":2},"end":{"line":126,"column":48}},"locations":[{"start":{"line":123,"column":2},"end":{"line":126,"column":48}}]},"50":{"type":"branch","line":126,"loc":{"start":{"line":126,"column":48},"end":{"line":126,"column":95}},"locations":[{"start":{"line":126,"column":48},"end":{"line":126,"column":95}}]},"51":{"type":"branch","line":126,"loc":{"start":{"line":126,"column":61},"end":{"line":126,"column":74}},"locations":[{"start":{"line":126,"column":61},"end":{"line":126,"column":74}}]},"52":{"type":"branch","line":126,"loc":{"start":{"line":126,"column":76},"end":{"line":126,"column":86}},"locations":[{"start":{"line":126,"column":76},"end":{"line":126,"column":86}}]},"53":{"type":"branch","line":127,"loc":{"start":{"line":127,"column":28},"end":{"line":127,"column":37}},"locations":[{"start":{"line":127,"column":28},"end":{"line":127,"column":37}}]},"54":{"type":"branch","line":127,"loc":{"start":{"line":127,"column":38},"end":{"line":127,"column":42}},"locations":[{"start":{"line":127,"column":38},"end":{"line":127,"column":42}}]},"55":{"type":"branch","line":130,"loc":{"start":{"line":130,"column":23},"end":{"line":130,"column":28}},"locations":[{"start":{"line":130,"column":23},"end":{"line":130,"column":28}}]},"56":{"type":"branch","line":130,"loc":{"start":{"line":130,"column":29},"end":{"line":130,"column":33}},"locations":[{"start":{"line":130,"column":29},"end":{"line":130,"column":33}}]},"57":{"type":"branch","line":132,"loc":{"start":{"line":132,"column":21},"end":{"line":135,"column":3}},"locations":[{"start":{"line":132,"column":21},"end":{"line":135,"column":3}}]},"58":{"type":"branch","line":134,"loc":{"start":{"line":134,"column":33},"end":{"line":134,"column":46}},"locations":[{"start":{"line":134,"column":33},"end":{"line":134,"column":46}}]},"59":{"type":"branch","line":134,"loc":{"start":{"line":134,"column":47},"end":{"line":134,"column":83}},"locations":[{"start":{"line":134,"column":47},"end":{"line":134,"column":83}}]},"60":{"type":"branch","line":135,"loc":{"start":{"line":135,"column":2},"end":{"line":137,"column":24}},"locations":[{"start":{"line":135,"column":2},"end":{"line":137,"column":24}}]},"61":{"type":"branch","line":137,"loc":{"start":{"line":137,"column":24},"end":{"line":140,"column":3}},"locations":[{"start":{"line":137,"column":24},"end":{"line":140,"column":3}}]},"62":{"type":"branch","line":140,"loc":{"start":{"line":140,"column":2},"end":{"line":149,"column":1}},"locations":[{"start":{"line":140,"column":2},"end":{"line":149,"column":1}}]},"63":{"type":"branch","line":140,"loc":{"start":{"line":140,"column":2},"end":{"line":142,"column":27}},"locations":[{"start":{"line":140,"column":2},"end":{"line":142,"column":27}}]},"64":{"type":"branch","line":142,"loc":{"start":{"line":142,"column":27},"end":{"line":145,"column":3}},"locations":[{"start":{"line":142,"column":27},"end":{"line":145,"column":3}}]},"65":{"type":"branch","line":145,"loc":{"start":{"line":145,"column":2},"end":{"line":149,"column":1}},"locations":[{"start":{"line":145,"column":2},"end":{"line":149,"column":1}}]},"66":{"type":"branch","line":157,"loc":{"start":{"line":157,"column":0},"end":{"line":168,"column":1}},"locations":[{"start":{"line":157,"column":0},"end":{"line":168,"column":1}}]},"67":{"type":"branch","line":158,"loc":{"start":{"line":158,"column":19},"end":{"line":158,"column":32}},"locations":[{"start":{"line":158,"column":19},"end":{"line":158,"column":32}}]},"68":{"type":"branch","line":166,"loc":{"start":{"line":166,"column":28},"end":{"line":166,"column":46}},"locations":[{"start":{"line":166,"column":28},"end":{"line":166,"column":46}}]},"69":{"type":"branch","line":181,"loc":{"start":{"line":181,"column":7},"end":{"line":211,"column":1}},"locations":[{"start":{"line":181,"column":7},"end":{"line":211,"column":1}}]},"70":{"type":"branch","line":182,"loc":{"start":{"line":182,"column":20},"end":{"line":184,"column":3}},"locations":[{"start":{"line":182,"column":20},"end":{"line":184,"column":3}}]},"71":{"type":"branch","line":184,"loc":{"start":{"line":184,"column":2},"end":{"line":186,"column":27}},"locations":[{"start":{"line":184,"column":2},"end":{"line":186,"column":27}}]},"72":{"type":"branch","line":186,"loc":{"start":{"line":186,"column":27},"end":{"line":188,"column":3}},"locations":[{"start":{"line":186,"column":27},"end":{"line":188,"column":3}}]},"73":{"type":"branch","line":188,"loc":{"start":{"line":188,"column":2},"end":{"line":192,"column":19}},"locations":[{"start":{"line":188,"column":2},"end":{"line":192,"column":19}}]},"74":{"type":"branch","line":192,"loc":{"start":{"line":192,"column":19},"end":{"line":194,"column":3}},"locations":[{"start":{"line":192,"column":19},"end":{"line":194,"column":3}}]},"75":{"type":"branch","line":194,"loc":{"start":{"line":194,"column":2},"end":{"line":207,"column":4}},"locations":[{"start":{"line":194,"column":2},"end":{"line":207,"column":4}}]},"76":{"type":"branch","line":207,"loc":{"start":{"line":207,"column":4},"end":{"line":207,"column":38}},"locations":[{"start":{"line":207,"column":4},"end":{"line":207,"column":38}}]},"77":{"type":"branch","line":208,"loc":{"start":{"line":208,"column":4},"end":{"line":208,"column":33}},"locations":[{"start":{"line":208,"column":4},"end":{"line":208,"column":33}}]},"78":{"type":"branch","line":199,"loc":{"start":{"line":199,"column":30},"end":{"line":204,"column":3}},"locations":[{"start":{"line":199,"column":30},"end":{"line":204,"column":3}}]},"79":{"type":"branch","line":200,"loc":{"start":{"line":200,"column":33},"end":{"line":200,"column":49}},"locations":[{"start":{"line":200,"column":33},"end":{"line":200,"column":49}}]},"80":{"type":"branch","line":200,"loc":{"start":{"line":200,"column":51},"end":{"line":202,"column":5}},"locations":[{"start":{"line":200,"column":51},"end":{"line":202,"column":5}}]},"81":{"type":"branch","line":202,"loc":{"start":{"line":202,"column":4},"end":{"line":204,"column":2}},"locations":[{"start":{"line":202,"column":4},"end":{"line":204,"column":2}}]},"82":{"type":"branch","line":220,"loc":{"start":{"line":220,"column":7},"end":{"line":245,"column":1}},"locations":[{"start":{"line":220,"column":7},"end":{"line":245,"column":1}}]},"83":{"type":"branch","line":221,"loc":{"start":{"line":221,"column":20},"end":{"line":221,"column":34}},"locations":[{"start":{"line":221,"column":20},"end":{"line":221,"column":34}}]},"84":{"type":"branch","line":221,"loc":{"start":{"line":221,"column":33},"end":{"line":222,"column":25}},"locations":[{"start":{"line":221,"column":33},"end":{"line":222,"column":25}}]},"85":{"type":"branch","line":222,"loc":{"start":{"line":222,"column":25},"end":{"line":222,"column":44}},"locations":[{"start":{"line":222,"column":25},"end":{"line":222,"column":44}}]},"86":{"type":"branch","line":222,"loc":{"start":{"line":222,"column":43},"end":{"line":237,"column":33}},"locations":[{"start":{"line":222,"column":43},"end":{"line":237,"column":33}}]},"87":{"type":"branch","line":237,"loc":{"start":{"line":237,"column":33},"end":{"line":239,"column":5}},"locations":[{"start":{"line":237,"column":33},"end":{"line":239,"column":5}}]},"88":{"type":"branch","line":239,"loc":{"start":{"line":239,"column":4},"end":{"line":242,"column":4}},"locations":[{"start":{"line":239,"column":4},"end":{"line":242,"column":4}}]},"89":{"type":"branch","line":242,"loc":{"start":{"line":242,"column":4},"end":{"line":244,"column":3}},"locations":[{"start":{"line":242,"column":4},"end":{"line":244,"column":3}}]},"90":{"type":"branch","line":227,"loc":{"start":{"line":227,"column":37},"end":{"line":235,"column":5}},"locations":[{"start":{"line":227,"column":37},"end":{"line":235,"column":5}}]},"91":{"type":"branch","line":228,"loc":{"start":{"line":228,"column":36},"end":{"line":228,"column":53}},"locations":[{"start":{"line":228,"column":36},"end":{"line":228,"column":53}}]},"92":{"type":"branch","line":228,"loc":{"start":{"line":228,"column":55},"end":{"line":233,"column":7}},"locations":[{"start":{"line":228,"column":55},"end":{"line":233,"column":7}}]},"93":{"type":"branch","line":229,"loc":{"start":{"line":229,"column":29},"end":{"line":231,"column":9}},"locations":[{"start":{"line":229,"column":29},"end":{"line":231,"column":9}}]},"94":{"type":"branch","line":231,"loc":{"start":{"line":231,"column":8},"end":{"line":233,"column":7}},"locations":[{"start":{"line":231,"column":8},"end":{"line":233,"column":7}}]},"95":{"type":"branch","line":233,"loc":{"start":{"line":233,"column":6},"end":{"line":235,"column":4}},"locations":[{"start":{"line":233,"column":6},"end":{"line":235,"column":4}}]},"96":{"type":"branch","line":258,"loc":{"start":{"line":258,"column":7},"end":{"line":294,"column":1}},"locations":[{"start":{"line":258,"column":7},"end":{"line":294,"column":1}}]},"97":{"type":"branch","line":259,"loc":{"start":{"line":259,"column":17},"end":{"line":259,"column":33}},"locations":[{"start":{"line":259,"column":17},"end":{"line":259,"column":33}}]},"98":{"type":"branch","line":259,"loc":{"start":{"line":259,"column":32},"end":{"line":264,"column":94}},"locations":[{"start":{"line":259,"column":32},"end":{"line":264,"column":94}}]},"99":{"type":"branch","line":264,"loc":{"start":{"line":264,"column":94},"end":{"line":266,"column":3}},"locations":[{"start":{"line":264,"column":94},"end":{"line":266,"column":3}}]},"100":{"type":"branch","line":266,"loc":{"start":{"line":266,"column":2},"end":{"line":269,"column":146}},"locations":[{"start":{"line":266,"column":2},"end":{"line":269,"column":146}}]},"101":{"type":"branch","line":269,"loc":{"start":{"line":269,"column":146},"end":{"line":271,"column":3}},"locations":[{"start":{"line":269,"column":146},"end":{"line":271,"column":3}}]},"102":{"type":"branch","line":271,"loc":{"start":{"line":271,"column":2},"end":{"line":274,"column":30}},"locations":[{"start":{"line":271,"column":2},"end":{"line":274,"column":30}}]},"103":{"type":"branch","line":274,"loc":{"start":{"line":274,"column":30},"end":{"line":276,"column":3}},"locations":[{"start":{"line":274,"column":30},"end":{"line":276,"column":3}}]},"104":{"type":"branch","line":276,"loc":{"start":{"line":276,"column":2},"end":{"line":279,"column":64}},"locations":[{"start":{"line":276,"column":2},"end":{"line":279,"column":64}}]},"105":{"type":"branch","line":279,"loc":{"start":{"line":279,"column":64},"end":{"line":281,"column":3}},"locations":[{"start":{"line":279,"column":64},"end":{"line":281,"column":3}}]},"106":{"type":"branch","line":281,"loc":{"start":{"line":281,"column":2},"end":{"line":284,"column":77}},"locations":[{"start":{"line":281,"column":2},"end":{"line":284,"column":77}}]},"107":{"type":"branch","line":284,"loc":{"start":{"line":284,"column":77},"end":{"line":286,"column":3}},"locations":[{"start":{"line":284,"column":77},"end":{"line":286,"column":3}}]},"108":{"type":"branch","line":286,"loc":{"start":{"line":286,"column":2},"end":{"line":289,"column":31}},"locations":[{"start":{"line":286,"column":2},"end":{"line":289,"column":31}}]},"109":{"type":"branch","line":289,"loc":{"start":{"line":289,"column":31},"end":{"line":289,"column":49}},"locations":[{"start":{"line":289,"column":31},"end":{"line":289,"column":49}}]},"110":{"type":"branch","line":289,"loc":{"start":{"line":289,"column":51},"end":{"line":294,"column":1}},"locations":[{"start":{"line":289,"column":51},"end":{"line":294,"column":1}}]},"111":{"type":"branch","line":264,"loc":{"start":{"line":264,"column":70},"end":{"line":264,"column":91}},"locations":[{"start":{"line":264,"column":70},"end":{"line":264,"column":91}}]},"112":{"type":"branch","line":269,"loc":{"start":{"line":269,"column":122},"end":{"line":269,"column":143}},"locations":[{"start":{"line":269,"column":122},"end":{"line":269,"column":143}}]},"113":{"type":"branch","line":279,"loc":{"start":{"line":279,"column":40},"end":{"line":279,"column":61}},"locations":[{"start":{"line":279,"column":40},"end":{"line":279,"column":61}}]},"114":{"type":"branch","line":284,"loc":{"start":{"line":284,"column":53},"end":{"line":284,"column":74}},"locations":[{"start":{"line":284,"column":53},"end":{"line":284,"column":74}}]},"115":{"type":"branch","line":309,"loc":{"start":{"line":309,"column":7},"end":{"line":379,"column":1}},"locations":[{"start":{"line":309,"column":7},"end":{"line":379,"column":1}}]},"116":{"type":"branch","line":311,"loc":{"start":{"line":311,"column":21},"end":{"line":311,"column":43}},"locations":[{"start":{"line":311,"column":21},"end":{"line":311,"column":43}}]},"117":{"type":"branch","line":311,"loc":{"start":{"line":311,"column":45},"end":{"line":317,"column":3}},"locations":[{"start":{"line":311,"column":45},"end":{"line":317,"column":3}}]},"118":{"type":"branch","line":317,"loc":{"start":{"line":317,"column":2},"end":{"line":320,"column":28}},"locations":[{"start":{"line":317,"column":2},"end":{"line":320,"column":28}}]},"119":{"type":"branch","line":320,"loc":{"start":{"line":320,"column":28},"end":{"line":329,"column":3}},"locations":[{"start":{"line":320,"column":28},"end":{"line":329,"column":3}}]},"120":{"type":"branch","line":329,"loc":{"start":{"line":329,"column":2},"end":{"line":332,"column":32}},"locations":[{"start":{"line":329,"column":2},"end":{"line":332,"column":32}}]},"121":{"type":"branch","line":332,"loc":{"start":{"line":332,"column":32},"end":{"line":332,"column":49}},"locations":[{"start":{"line":332,"column":32},"end":{"line":332,"column":49}}]},"122":{"type":"branch","line":332,"loc":{"start":{"line":332,"column":51},"end":{"line":338,"column":3}},"locations":[{"start":{"line":332,"column":51},"end":{"line":338,"column":3}}]},"123":{"type":"branch","line":338,"loc":{"start":{"line":338,"column":2},"end":{"line":341,"column":21}},"locations":[{"start":{"line":338,"column":2},"end":{"line":341,"column":21}}]},"124":{"type":"branch","line":341,"loc":{"start":{"line":341,"column":21},"end":{"line":347,"column":3}},"locations":[{"start":{"line":341,"column":21},"end":{"line":347,"column":3}}]},"125":{"type":"branch","line":347,"loc":{"start":{"line":347,"column":2},"end":{"line":350,"column":75}},"locations":[{"start":{"line":347,"column":2},"end":{"line":350,"column":75}}]},"126":{"type":"branch","line":351,"loc":{"start":{"line":351,"column":22},"end":{"line":351,"column":50}},"locations":[{"start":{"line":351,"column":22},"end":{"line":351,"column":50}}]},"127":{"type":"branch","line":351,"loc":{"start":{"line":351,"column":52},"end":{"line":360,"column":3}},"locations":[{"start":{"line":351,"column":52},"end":{"line":360,"column":3}}]},"128":{"type":"branch","line":360,"loc":{"start":{"line":360,"column":2},"end":{"line":363,"column":32}},"locations":[{"start":{"line":360,"column":2},"end":{"line":363,"column":32}}]},"129":{"type":"branch","line":363,"loc":{"start":{"line":363,"column":32},"end":{"line":363,"column":91}},"locations":[{"start":{"line":363,"column":32},"end":{"line":363,"column":91}}]},"130":{"type":"branch","line":363,"loc":{"start":{"line":363,"column":93},"end":{"line":371,"column":3}},"locations":[{"start":{"line":363,"column":93},"end":{"line":371,"column":3}}]},"131":{"type":"branch","line":371,"loc":{"start":{"line":371,"column":2},"end":{"line":379,"column":1}},"locations":[{"start":{"line":371,"column":2},"end":{"line":379,"column":1}}]}},"b":{"0":[17],"1":[14],"2":[5],"3":[12],"4":[8],"5":[15],"6":[12],"7":[5],"8":[10],"9":[5],"10":[4],"11":[12],"12":[1],"13":[11],"14":[1],"15":[10],"16":[11],"17":[1],"18":[10],"19":[1],"20":[9],"21":[3],"22":[1],"23":[2],"24":[6],"25":[1],"26":[0],"27":[5],"28":[1],"29":[0],"30":[4],"31":[1],"32":[0],"33":[3],"34":[0],"35":[3],"36":[30],"37":[29],"38":[2],"39":[28],"40":[0],"41":[28],"42":[24],"43":[10],"44":[10],"45":[24],"46":[10],"47":[10],"48":[4],"49":[24],"50":[14],"51":[0],"52":[0],"53":[10],"54":[14],"55":[1],"56":[23],"57":[5],"58":[3],"59":[2],"60":[19],"61":[12],"62":[22],"63":[7],"64":[5],"65":[2],"66":[4],"67":[0],"68":[0],"69":[6],"70":[1],"71":[5],"72":[0],"73":[5],"74":[1],"75":[4],"76":[1],"77":[3],"78":[13],"79":[2],"80":[2],"81":[11],"82":[6],"83":[1],"84":[5],"85":[0],"86":[5],"87":[1],"88":[4],"89":[0],"90":[14],"91":[8],"92":[8],"93":[1],"94":[7],"95":[13],"96":[18],"97":[2],"98":[16],"99":[3],"100":[13],"101":[4],"102":[9],"103":[1],"104":[8],"105":[2],"106":[6],"107":[4],"108":[2],"109":[1],"110":[1],"111":[84],"112":[112],"113":[21],"114":[13],"115":[11],"116":[10],"117":[2],"118":[9],"119":[1],"120":[8],"121":[1],"122":[1],"123":[7],"124":[2],"125":[5],"126":[4],"127":[2],"128":[3],"129":[1],"130":[2],"131":[1]},"fnMap":{"0":{"name":"isGuid","decl":{"start":{"line":19,"column":7},"end":{"line":28,"column":1}},"loc":{"start":{"line":19,"column":7},"end":{"line":28,"column":1}},"line":19},"1":{"name":"looksLikeTimestamp","decl":{"start":{"line":37,"column":7},"end":{"line":48,"column":1}},"loc":{"start":{"line":37,"column":7},"end":{"line":48,"column":1}},"line":37},"2":{"name":"formatRelativeTime","decl":{"start":{"line":60,"column":7},"end":{"line":101,"column":1}},"loc":{"start":{"line":60,"column":7},"end":{"line":101,"column":1}},"line":60},"3":{"name":"formatNumber","decl":{"start":{"line":114,"column":7},"end":{"line":149,"column":1}},"loc":{"start":{"line":114,"column":7},"end":{"line":149,"column":1}},"line":114},"4":{"name":"formatBytes","decl":{"start":{"line":157,"column":0},"end":{"line":168,"column":1}},"loc":{"start":{"line":157,"column":0},"end":{"line":168,"column":1}},"line":157},"5":{"name":"formatArrayPreview","decl":{"start":{"line":181,"column":7},"end":{"line":211,"column":1}},"loc":{"start":{"line":181,"column":7},"end":{"line":211,"column":1}},"line":181},"6":{"name":"formatJsonPreview","decl":{"start":{"line":220,"column":7},"end":{"line":245,"column":1}},"loc":{"start":{"line":220,"column":7},"end":{"line":245,"column":1}},"line":220},"7":{"name":"getTypeIcon","decl":{"start":{"line":258,"column":7},"end":{"line":294,"column":1}},"loc":{"start":{"line":258,"column":7},"end":{"line":294,"column":1}},"line":258},"8":{"name":"formatCellValue","decl":{"start":{"line":309,"column":7},"end":{"line":379,"column":1}},"loc":{"start":{"line":309,"column":7},"end":{"line":379,"column":1}},"line":309}},"f":{"0":17,"1":15,"2":12,"3":30,"4":4,"5":6,"6":6,"7":18,"8":11}}
}
